
 Performance counter stats for './mandelbrot_seq_SEM -0.8 -0.7 0.05 0.15 16' (10 runs):

              0,69 msec task-clock                #    0,525 CPUs utilized            ( +- 18,94% )
                 0      context-switches          #    0,288 K/sec                    ( +- 66,67% )
                 0      cpu-migrations            #    0,000 K/sec                  
                55      page-faults               #    0,079 M/sec                    ( +-  0,46% )
         2.635.149      cycles                    #    3,799 GHz                      ( +- 18,19% )
         1.829.342      instructions              #    0,69  insn per cycle           ( +-  0,27% )
           226.942      branches                  #  327,143 M/sec                    ( +-  0,39% )
             5.381      branch-misses             #    2,37% of all branches          ( +-  2,36% )

          0,001320 +- 0,000240 seconds time elapsed  ( +- 18,17% )


 Performance counter stats for './mandelbrot_seq_SEM -0.8 -0.7 0.05 0.15 32' (10 runs):

              1,13 msec task-clock                #    0,856 CPUs utilized            ( +-  0,57% )
                 0      context-switches          #    0,000 K/sec                  
                 0      cpu-migrations            #    0,000 K/sec                  
                54      page-faults               #    0,048 M/sec                    ( +-  0,60% )
         4.587.744      cycles                    #    4,068 GHz                      ( +-  0,51% )
         5.180.184      instructions              #    1,13  insn per cycle           ( +-  0,07% )
           475.016      branches                  #  421,200 M/sec                    ( +-  0,13% )
             6.160      branch-misses             #    1,30% of all branches          ( +-  0,43% )

         0,0013181 +- 0,0000174 seconds time elapsed  ( +-  1,32% )


 Performance counter stats for './mandelbrot_seq_SEM -0.8 -0.7 0.05 0.15 64' (10 runs):

              4,23 msec task-clock                #    0,937 CPUs utilized            ( +-  1,99% )
                 0      context-switches          #    0,000 K/sec                  
                 0      cpu-migrations            #    0,000 K/sec                  
                54      page-faults               #    0,013 M/sec                    ( +-  0,51% )
        16.254.991      cycles                    #    3,844 GHz                      ( +-  1,56% )
        18.609.008      instructions              #    1,14  insn per cycle           ( +-  0,01% )
         1.474.702      branches                  #  348,721 M/sec                    ( +-  0,03% )
             9.259      branch-misses             #    0,63% of all branches          ( +-  0,24% )

          0,004515 +- 0,000181 seconds time elapsed  ( +-  4,01% )


 Performance counter stats for './mandelbrot_seq_SEM -0.8 -0.7 0.05 0.15 128' (10 runs):

             14,87 msec task-clock                #    0,969 CPUs utilized            ( +-  1,26% )
                 1      context-switches          #    0,047 K/sec                    ( +- 56,54% )
                 0      cpu-migrations            #    0,013 K/sec                    ( +- 66,67% )
                55      page-faults               #    0,004 M/sec                    ( +-  0,60% )
        62.330.858      cycles                    #    4,193 GHz                      ( +-  0,56% )
        72.255.749      instructions              #    1,16  insn per cycle           ( +-  0,01% )
         5.469.932      branches                  #  367,949 M/sec                    ( +-  0,03% )
            20.942      branch-misses             #    0,38% of all branches          ( +-  0,68% )

          0,015335 +- 0,000322 seconds time elapsed  ( +-  2,10% )


 Performance counter stats for './mandelbrot_seq_SEM -0.8 -0.7 0.05 0.15 256' (10 runs):

             56,20 msec task-clock                #    0,995 CPUs utilized            ( +-  0,47% )
                 2      context-switches          #    0,027 K/sec                    ( +- 48,94% )
                 0      cpu-migrations            #    0,002 K/sec                    ( +-100,00% )
                54      page-faults               #    0,963 K/sec                    ( +-  0,51% )
       244.179.464      cycles                    #    4,345 GHz                      ( +-  0,11% )
       286.950.398      instructions              #    1,18  insn per cycle           ( +-  0,00% )
        21.451.605      branches                  #  381,724 M/sec                    ( +-  0,01% )
            65.359      branch-misses             #    0,30% of all branches          ( +-  0,26% )

          0,056487 +- 0,000271 seconds time elapsed  ( +-  0,48% )


 Performance counter stats for './mandelbrot_seq_SEM -0.8 -0.7 0.05 0.15 512' (10 runs):

            230,73 msec task-clock                #    0,999 CPUs utilized            ( +-  0,53% )
                 3      context-switches          #    0,014 K/sec                    ( +- 44,15% )
                 0      cpu-migrations            #    0,001 K/sec                    ( +- 66,67% )
                54      page-faults               #    0,234 K/sec                    ( +-  0,62% )
       971.960.167      cycles                    #    4,213 GHz                      ( +-  0,03% )
     1.145.288.644      instructions              #    1,18  insn per cycle           ( +-  0,00% )
        85.341.830      branches                  #  369,884 M/sec                    ( +-  0,00% )
           238.594      branch-misses             #    0,28% of all branches          ( +-  0,09% )

           0,23102 +- 0,00121 seconds time elapsed  ( +-  0,52% )


 Performance counter stats for './mandelbrot_seq_SEM -0.8 -0.7 0.05 0.15 1024' (10 runs):

            934,39 msec task-clock                #    1,000 CPUs utilized            ( +-  0,21% )
                12      context-switches          #    0,012 K/sec                    ( +- 22,78% )
                 1      cpu-migrations            #    0,001 K/sec                    ( +- 33,33% )
                55      page-faults               #    0,059 K/sec                    ( +-  0,66% )
     3.882.944.156      cycles                    #    4,156 GHz                      ( +-  0,04% )
     4.577.564.524      instructions              #    1,18  insn per cycle           ( +-  0,00% )
       340.826.102      branches                  #  364,759 M/sec                    ( +-  0,00% )
           917.797      branch-misses             #    0,27% of all branches          ( +-  0,05% )

           0,93475 +- 0,00201 seconds time elapsed  ( +-  0,21% )


 Performance counter stats for './mandelbrot_seq_SEM -0.8 -0.7 0.05 0.15 2048' (10 runs):

          3.722,01 msec task-clock                #    1,000 CPUs utilized            ( +-  0,16% )
                26      context-switches          #    0,007 K/sec                    ( +- 13,95% )
                 2      cpu-migrations            #    0,001 K/sec                    ( +- 28,60% )
                55      page-faults               #    0,015 K/sec                    ( +-  0,56% )
    15.516.929.755      cycles                    #    4,169 GHz                      ( +-  0,01% )
    18.304.935.770      instructions              #    1,18  insn per cycle           ( +-  0,00% )
     1.362.599.458      branches                  #  366,092 M/sec                    ( +-  0,00% )
         3.578.906      branch-misses             #    0,26% of all branches          ( +-  0,03% )

           3,72248 +- 0,00583 seconds time elapsed  ( +-  0,16% )


 Performance counter stats for './mandelbrot_seq_SEM -0.8 -0.7 0.05 0.15 4096' (10 runs):

         14.852,19 msec task-clock                #    1,000 CPUs utilized            ( +-  0,39% )
                84      context-switches          #    0,006 K/sec                    ( +-  6,24% )
                 6      cpu-migrations            #    0,000 K/sec                    ( +- 32,51% )
                54      page-faults               #    0,004 K/sec                    ( +-  0,58% )
    62.054.447.496      cycles                    #    4,178 GHz                      ( +-  0,01% )
    73.213.596.067      instructions              #    1,18  insn per cycle           ( +-  0,00% )
     5.449.655.562      branches                  #  366,926 M/sec                    ( +-  0,00% )
        14.055.582      branch-misses             #    0,26% of all branches          ( +-  0,01% )

           14,8532 +- 0,0577 seconds time elapsed  ( +-  0,39% )


 Performance counter stats for './mandelbrot_seq_SEM -0.8 -0.7 0.05 0.15 8192' (10 runs):

         59.540,24 msec task-clock                #    1,000 CPUs utilized            ( +-  0,40% )
               333      context-switches          #    0,006 K/sec                    ( +-  9,03% )
                34      cpu-migrations            #    0,001 K/sec                    ( +- 31,43% )
                54      page-faults               #    0,001 K/sec                    ( +-  0,30% )
   248.228.245.760      cycles                    #    4,169 GHz                      ( +-  0,01% )
   292.842.977.083      instructions              #    1,18  insn per cycle           ( +-  0,00% )
    21.797.520.655      branches                  #  366,097 M/sec                    ( +-  0,00% )
        55.455.306      branch-misses             #    0,25% of all branches          ( +-  0,01% )

            59,544 +- 0,237 seconds time elapsed  ( +-  0,40% )

