
 Performance counter stats for './mandelbrot_pth 0.175 0.375 -0.1 0.1 16' (10 runs):

              0,65 msec task-clock                #    0,984 CPUs utilized            ( +-  1,90% )
                 2      context-switches          #    0,004 M/sec                    ( +-  6,80% )
                 0      cpu-migrations            #    0,307 K/sec                    ( +- 66,67% )
                74      page-faults               #    0,114 M/sec                    ( +-  0,44% )
         2.612.753      cycles                    #    4,008 GHz                      ( +-  1,90% )
         2.326.943      instructions              #    0,89  insn per cycle           ( +-  0,13% )
           329.887      branches                  #  505,995 M/sec                    ( +-  0,17% )
             9.433      branch-misses             #    2,86% of all branches          ( +-  1,95% )

         0,0006623 +- 0,0000572 seconds time elapsed  ( +-  8,64% )


 Performance counter stats for './mandelbrot_pth 0.175 0.375 -0.1 0.1 32' (10 runs):

              1,35 msec task-clock                #    1,658 CPUs utilized            ( +-  1,03% )
                 2      context-switches          #    0,001 M/sec                    ( +-  9,45% )
                 0      cpu-migrations            #    0,000 K/sec                  
                74      page-faults               #    0,055 M/sec                    ( +-  0,50% )
         5.207.779      cycles                    #    3,852 GHz                      ( +-  0,99% )
         5.519.022      instructions              #    1,06  insn per cycle           ( +-  0,08% )
           565.652      branches                  #  418,354 M/sec                    ( +-  0,16% )
            10.435      branch-misses             #    1,84% of all branches          ( +-  1,23% )

         0,0008156 +- 0,0000130 seconds time elapsed  ( +-  1,59% )


 Performance counter stats for './mandelbrot_pth 0.175 0.375 -0.1 0.1 64' (10 runs):

              4,43 msec task-clock                #    2,384 CPUs utilized            ( +-  0,13% )
                 1      context-switches          #    0,316 K/sec                    ( +- 11,66% )
                 0      cpu-migrations            #    0,023 K/sec                    ( +-100,00% )
                74      page-faults               #    0,017 M/sec                    ( +-  0,56% )
        15.887.677      cycles                    #    3,583 GHz                      ( +-  0,17% )
        18.230.548      instructions              #    1,15  insn per cycle           ( +-  0,01% )
         1.511.354      branches                  #  340,868 M/sec                    ( +-  0,02% )
            13.524      branch-misses             #    0,89% of all branches          ( +-  0,55% )

         0,0018599 +- 0,0000148 seconds time elapsed  ( +-  0,80% )


 Performance counter stats for './mandelbrot_pth 0.175 0.375 -0.1 0.1 128' (10 runs):

             17,64 msec task-clock                #    2,822 CPUs utilized            ( +-  0,57% )
                 1      context-switches          #    0,079 K/sec                    ( +- 11,66% )
                 0      cpu-migrations            #    0,000 K/sec                  
                74      page-faults               #    0,004 M/sec                    ( +-  0,35% )
        59.321.146      cycles                    #    3,362 GHz                      ( +-  0,36% )
        69.064.404      instructions              #    1,16  insn per cycle           ( +-  0,01% )
         5.297.772      branches                  #  300,268 M/sec                    ( +-  0,02% )
            24.946      branch-misses             #    0,47% of all branches          ( +-  0,53% )

         0,0062523 +- 0,0000434 seconds time elapsed  ( +-  0,69% )


 Performance counter stats for './mandelbrot_pth 0.175 0.375 -0.1 0.1 256' (10 runs):

             73,59 msec task-clock                #    2,968 CPUs utilized            ( +-  0,63% )
                 3      context-switches          #    0,037 K/sec                    ( +- 14,66% )
                 0      cpu-migrations            #    0,000 K/sec                  
                74      page-faults               #    0,001 M/sec                    ( +-  0,31% )
       231.449.426      cycles                    #    3,145 GHz                      ( +-  0,60% )
       272.190.804      instructions              #    1,18  insn per cycle           ( +-  0,00% )
        20.423.172      branches                  #  277,521 M/sec                    ( +-  0,01% )
            67.113      branch-misses             #    0,33% of all branches          ( +-  0,12% )

          0,024795 +- 0,000188 seconds time elapsed  ( +-  0,76% )


 Performance counter stats for './mandelbrot_pth 0.175 0.375 -0.1 0.1 512' (10 runs):

            295,50 msec task-clock                #    3,017 CPUs utilized            ( +-  0,02% )
                 8      context-switches          #    0,027 K/sec                    ( +- 18,72% )
                 0      cpu-migrations            #    0,001 K/sec                    ( +- 40,82% )
                74      page-faults               #    0,251 K/sec                    ( +-  0,40% )
       913.833.982      cycles                    #    3,093 GHz                      ( +-  0,02% )
     1.083.620.118      instructions              #    1,19  insn per cycle           ( +-  0,00% )
        80.836.891      branches                  #  273,563 M/sec                    ( +-  0,00% )
           230.743      branch-misses             #    0,29% of all branches          ( +-  0,05% )

         0,0979493 +- 0,0000282 seconds time elapsed  ( +-  0,03% )


 Performance counter stats for './mandelbrot_pth 0.175 0.375 -0.1 0.1 1024' (10 runs):

          1.176,05 msec task-clock                #    3,020 CPUs utilized            ( +-  0,39% )
                15      context-switches          #    0,013 K/sec                    ( +-  5,62% )
                 1      cpu-migrations            #    0,001 K/sec                    ( +- 20,03% )
                74      page-faults               #    0,063 K/sec                    ( +-  0,41% )
     3.664.024.908      cycles                    #    3,116 GHz                      ( +-  0,45% )
     4.328.464.882      instructions              #    1,18  insn per cycle           ( +-  0,00% )
       322.403.228      branches                  #  274,141 M/sec                    ( +-  0,00% )
           878.613      branch-misses             #    0,27% of all branches          ( +-  0,26% )

           0,38936 +- 0,00220 seconds time elapsed  ( +-  0,56% )


 Performance counter stats for './mandelbrot_pth 0.175 0.375 -0.1 0.1 2048' (10 runs):

          4.707,13 msec task-clock                #    3,042 CPUs utilized            ( +-  0,10% )
                23      context-switches          #    0,005 K/sec                    ( +- 11,65% )
                 3      cpu-migrations            #    0,001 K/sec                    ( +- 22,08% )
                75      page-faults               #    0,016 K/sec                    ( +-  0,57% )
    14.583.538.322      cycles                    #    3,098 GHz                      ( +-  0,02% )
    17.304.629.051      instructions              #    1,19  insn per cycle           ( +-  0,00% )
     1.288.396.715      branches                  #  273,712 M/sec                    ( +-  0,00% )
         3.454.274      branch-misses             #    0,27% of all branches          ( +-  0,13% )

           1,54749 +- 0,00129 seconds time elapsed  ( +-  0,08% )


 Performance counter stats for './mandelbrot_pth 0.175 0.375 -0.1 0.1 4096' (10 runs):

         19.008,76 msec task-clock                #    3,075 CPUs utilized            ( +-  0,06% )
                70      context-switches          #    0,004 K/sec                    ( +-  5,45% )
                 8      cpu-migrations            #    0,000 K/sec                    ( +- 13,22% )
                74      page-faults               #    0,004 K/sec                    ( +-  0,41% )
    58.309.991.183      cycles                    #    3,068 GHz                      ( +-  0,01% )
    69.201.209.372      instructions              #    1,19  insn per cycle           ( +-  0,00% )
     5.151.796.629      branches                  #  271,022 M/sec                    ( +-  0,00% )
        13.687.636      branch-misses             #    0,27% of all branches          ( +-  0,02% )

           6,18147 +- 0,00310 seconds time elapsed  ( +-  0,05% )


 Performance counter stats for './mandelbrot_pth 0.175 0.375 -0.1 0.1 8192' (10 runs):

         76.518,15 msec task-clock                #    3,092 CPUs utilized            ( +-  0,03% )
               226      context-switches          #    0,003 K/sec                    ( +-  1,98% )
                32      cpu-migrations            #    0,000 K/sec                    ( +-  6,82% )
                75      page-faults               #    0,001 K/sec                    ( +-  0,54% )
   233.221.051.227      cycles                    #    3,048 GHz                      ( +-  0,01% )
   276.782.868.446      instructions              #    1,19  insn per cycle           ( +-  0,00% )
    20.605.001.051      branches                  #  269,283 M/sec                    ( +-  0,00% )
        54.532.357      branch-misses             #    0,26% of all branches          ( +-  0,02% )

          24,74982 +- 0,00856 seconds time elapsed  ( +-  0,03% )

