
 Performance counter stats for './mandelbrot_pth -2.5 1.5 -2.0 2.0 16' (10 runs):

              0,37 msec task-clock                #    0,696 CPUs utilized            ( +-  2,77% )
                 2      context-switches          #    0,005 M/sec                    ( +-  7,41% )
                 0      cpu-migrations            #    0,271 K/sec                    ( +-100,00% )
                69      page-faults               #    0,187 M/sec                    ( +-  0,50% )
         1.462.767      cycles                    #    3,962 GHz                      ( +-  2,06% )
         1.246.297      instructions              #    0,85  insn per cycle           ( +-  0,43% )
           228.195      branches                  #  618,093 M/sec                    ( +-  0,41% )
             8.598      branch-misses             #    3,77% of all branches          ( +-  1,39% )

         0,0005302 +- 0,0000240 seconds time elapsed  ( +-  4,53% )


 Performance counter stats for './mandelbrot_pth -2.5 1.5 -2.0 2.0 32' (10 runs):

              0,50 msec task-clock                #    0,789 CPUs utilized            ( +-  1,34% )
                 2      context-switches          #    0,004 M/sec                    ( +-  4,76% )
                 0      cpu-migrations            #    0,000 K/sec                  
                70      page-faults               #    0,139 M/sec                    ( +-  0,29% )
         1.864.583      cycles                    #    3,726 GHz                      ( +-  1,35% )
         1.752.456      instructions              #    0,94  insn per cycle           ( +-  0,18% )
           268.006      branches                  #  535,528 M/sec                    ( +-  0,23% )
             9.369      branch-misses             #    3,50% of all branches          ( +-  0,70% )

         0,0006339 +- 0,0000136 seconds time elapsed  ( +-  2,15% )


 Performance counter stats for './mandelbrot_pth -2.5 1.5 -2.0 2.0 64' (10 runs):

              1,00 msec task-clock                #    0,999 CPUs utilized            ( +-  1,10% )
                 2      context-switches          #    0,002 M/sec                  
                 0      cpu-migrations            #    0,000 K/sec                  
                70      page-faults               #    0,070 M/sec                    ( +-  0,44% )
         3.433.559      cycles                    #    3,451 GHz                      ( +-  1,14% )
         3.694.547      instructions              #    1,08  insn per cycle           ( +-  0,06% )
           416.045      branches                  #  418,109 M/sec                    ( +-  0,10% )
             9.452      branch-misses             #    2,27% of all branches          ( +-  2,13% )

         0,0009959 +- 0,0000178 seconds time elapsed  ( +-  1,78% )


 Performance counter stats for './mandelbrot_pth -2.5 1.5 -2.0 2.0 128' (10 runs):

              2,85 msec task-clock                #    1,232 CPUs utilized            ( +-  0,33% )
                 2      context-switches          #    0,806 K/sec                    ( +-  6,64% )
                 0      cpu-migrations            #    0,000 K/sec                  
                69      page-faults               #    0,024 M/sec                    ( +-  0,46% )
         9.642.457      cycles                    #    3,380 GHz                      ( +-  0,32% )
        11.393.183      instructions              #    1,18  insn per cycle           ( +-  0,04% )
         1.009.711      branches                  #  353,989 M/sec                    ( +-  0,09% )
            13.118      branch-misses             #    1,30% of all branches          ( +-  0,56% )

         0,0023156 +- 0,0000149 seconds time elapsed  ( +-  0,64% )


 Performance counter stats for './mandelbrot_pth -2.5 1.5 -2.0 2.0 256' (10 runs):

             10,22 msec task-clock                #    1,345 CPUs utilized            ( +-  0,60% )
                 2      context-switches          #    0,245 K/sec                    ( +-  8,94% )
                 0      cpu-migrations            #    0,000 K/sec                  
                70      page-faults               #    0,007 M/sec                    ( +-  0,45% )
        34.572.723      cycles                    #    3,382 GHz                      ( +-  0,56% )
        42.184.920      instructions              #    1,22  insn per cycle           ( +-  0,01% )
         3.377.414      branches                  #  330,432 M/sec                    ( +-  0,01% )
            22.194      branch-misses             #    0,66% of all branches          ( +-  0,31% )

         0,0076013 +- 0,0000987 seconds time elapsed  ( +-  1,30% )


 Performance counter stats for './mandelbrot_pth -2.5 1.5 -2.0 2.0 512' (10 runs):

             36,81 msec task-clock                #    1,413 CPUs utilized            ( +-  0,28% )
                 4      context-switches          #    0,095 K/sec                    ( +- 12,95% )
                 0      cpu-migrations            #    0,003 K/sec                    ( +-100,00% )
                70      page-faults               #    0,002 M/sec                    ( +-  0,36% )
       132.061.230      cycles                    #    3,587 GHz                      ( +-  0,21% )
       165.114.172      instructions              #    1,25  insn per cycle           ( +-  0,00% )
        12.828.850      branches                  #  348,489 M/sec                    ( +-  0,01% )
            51.979      branch-misses             #    0,41% of all branches          ( +-  0,29% )

         0,0260525 +- 0,0000482 seconds time elapsed  ( +-  0,18% )


 Performance counter stats for './mandelbrot_pth -2.5 1.5 -2.0 2.0 1024' (10 runs):

            138,07 msec task-clock                #    1,425 CPUs utilized            ( +-  0,71% )
                 3      context-switches          #    0,025 K/sec                    ( +- 27,45% )
                 0      cpu-migrations            #    0,001 K/sec                    ( +-100,00% )
                70      page-faults               #    0,506 K/sec                    ( +-  0,45% )
       521.710.420      cycles                    #    3,779 GHz                      ( +-  0,05% )
       656.625.680      instructions              #    1,26  insn per cycle           ( +-  0,00% )
        50.611.346      branches                  #  366,555 M/sec                    ( +-  0,00% )
           158.350      branch-misses             #    0,31% of all branches          ( +-  0,11% )

          0,096891 +- 0,000667 seconds time elapsed  ( +-  0,69% )


 Performance counter stats for './mandelbrot_pth -2.5 1.5 -2.0 2.0 2048' (10 runs):

            531,39 msec task-clock                #    1,430 CPUs utilized            ( +-  0,67% )
                 9      context-switches          #    0,017 K/sec                    ( +- 14,81% )
                 0      cpu-migrations            #    0,001 K/sec                    ( +- 33,33% )
                70      page-faults               #    0,131 K/sec                    ( +-  0,61% )
     2.076.698.374      cycles                    #    3,908 GHz                      ( +-  0,02% )
     2.621.742.414      instructions              #    1,26  insn per cycle           ( +-  0,00% )
       201.665.250      branches                  #  379,505 M/sec                    ( +-  0,00% )
           555.952      branch-misses             #    0,28% of all branches          ( +-  0,06% )

           0,37155 +- 0,00239 seconds time elapsed  ( +-  0,64% )


 Performance counter stats for './mandelbrot_pth -2.5 1.5 -2.0 2.0 4096' (10 runs):

          2.117,46 msec task-clock                #    1,444 CPUs utilized            ( +-  0,26% )
                16      context-switches          #    0,008 K/sec                    ( +- 12,24% )
                 2      cpu-migrations            #    0,001 K/sec                    ( +- 18,14% )
                70      page-faults               #    0,033 K/sec                    ( +-  0,40% )
     8.292.892.541      cycles                    #    3,916 GHz                      ( +-  0,01% )
    10.481.777.642      instructions              #    1,26  insn per cycle           ( +-  0,00% )
       805.825.761      branches                  #  380,562 M/sec                    ( +-  0,00% )
         2.075.828      branch-misses             #    0,26% of all branches          ( +-  0,04% )

           1,46647 +- 0,00328 seconds time elapsed  ( +-  0,22% )


 Performance counter stats for './mandelbrot_pth -2.5 1.5 -2.0 2.0 8192' (10 runs):

          8.579,46 msec task-clock                #    1,466 CPUs utilized            ( +-  0,18% )
                45      context-switches          #    0,005 K/sec                    ( +-  9,36% )
                 4      cpu-migrations            #    0,001 K/sec                    ( +- 17,92% )
                70      page-faults               #    0,008 K/sec                    ( +-  0,47% )
    33.140.059.602      cycles                    #    3,863 GHz                      ( +-  0,01% )
    41.918.383.009      instructions              #    1,26  insn per cycle           ( +-  0,00% )
     3.222.218.505      branches                  #  375,573 M/sec                    ( +-  0,00% )
         7.982.786      branch-misses             #    0,25% of all branches          ( +-  0,02% )

            5,8512 +- 0,0121 seconds time elapsed  ( +-  0,21% )

