
 Performance counter stats for './mandelbrot_pth -2.5 1.5 -2.0 2.0 16' (10 runs):

              1,08 msec task-clock                #    0,808 CPUs utilized            ( +-  8,59% )
                 0      context-switches          #    0,186 K/sec                    ( +-100,00% )
                 0      cpu-migrations            #    0,093 K/sec                    ( +-100,00% )
                98      page-faults               #    0,091 M/sec                    ( +-  0,28% )
         3.527.160      cycles                    #    3,272 GHz                      ( +-  8,75% )
         2.302.167      instructions              #    0,65  insn per cycle           ( +-  0,25% )
           445.842      branches                  #  413,611 M/sec                    ( +-  0,27% )
            12.105      branch-misses             #    2,72% of all branches          ( +-  1,65% )

          0,001333 +- 0,000192 seconds time elapsed  ( +- 14,41% )


 Performance counter stats for './mandelbrot_pth -2.5 1.5 -2.0 2.0 32' (10 runs):

              1,06 msec task-clock                #    1,115 CPUs utilized            ( +-  0,75% )
                 0      context-switches          #    0,189 K/sec                    ( +-100,00% )
                 0      cpu-migrations            #    0,000 K/sec                  
                98      page-faults               #    0,093 M/sec                    ( +-  0,41% )
         3.367.284      cycles                    #    3,180 GHz                      ( +-  0,76% )
         2.811.981      instructions              #    0,84  insn per cycle           ( +-  0,17% )
           486.326      branches                  #  459,211 M/sec                    ( +-  0,20% )
            12.518      branch-misses             #    2,57% of all branches          ( +-  0,94% )

         0,0009502 +- 0,0000133 seconds time elapsed  ( +-  1,40% )


 Performance counter stats for './mandelbrot_pth -2.5 1.5 -2.0 2.0 64' (10 runs):

              1,72 msec task-clock                #    1,687 CPUs utilized            ( +-  0,63% )
                 0      context-switches          #    0,058 K/sec                    ( +-100,00% )
                 0      cpu-migrations            #    0,000 K/sec                  
                99      page-faults               #    0,058 M/sec                    ( +-  0,34% )
         5.306.784      cycles                    #    3,091 GHz                      ( +-  0,55% )
         4.790.880      instructions              #    0,90  insn per cycle           ( +-  0,09% )
           641.485      branches                  #  373,589 M/sec                    ( +-  0,14% )
            13.806      branch-misses             #    2,15% of all branches          ( +-  1,19% )

         0,0010180 +- 0,0000121 seconds time elapsed  ( +-  1,18% )


 Performance counter stats for './mandelbrot_pth -2.5 1.5 -2.0 2.0 128' (10 runs):

              4,16 msec task-clock                #    2,669 CPUs utilized            ( +-  0,32% )
                 6      context-switches          #    0,001 M/sec                    ( +-  9,45% )
                 1      cpu-migrations            #    0,313 K/sec                    ( +- 28,21% )
                99      page-faults               #    0,024 M/sec                    ( +-  0,22% )
        13.128.182      cycles                    #    3,157 GHz                      ( +-  0,32% )
        12.573.009      instructions              #    0,96  insn per cycle           ( +-  0,06% )
         1.252.275      branches                  #  301,095 M/sec                    ( +-  0,12% )
            18.037      branch-misses             #    1,44% of all branches          ( +-  1,59% )

         0,0015580 +- 0,0000149 seconds time elapsed  ( +-  0,95% )


 Performance counter stats for './mandelbrot_pth -2.5 1.5 -2.0 2.0 256' (10 runs):

             14,32 msec task-clock                #    3,645 CPUs utilized            ( +-  0,84% )
                 7      context-switches          #    0,489 K/sec                    ( +-  4,26% )
                 2      cpu-migrations            #    0,126 K/sec                    ( +- 18,14% )
                99      page-faults               #    0,007 M/sec                    ( +-  0,26% )
        42.665.383      cycles                    #    2,978 GHz                      ( +-  0,83% )
        43.445.689      instructions              #    1,02  insn per cycle           ( +-  0,01% )
         3.634.013      branches                  #  253,684 M/sec                    ( +-  0,03% )
            30.461      branch-misses             #    0,84% of all branches          ( +-  0,44% )

         0,0039305 +- 0,0000970 seconds time elapsed  ( +-  2,47% )


 Performance counter stats for './mandelbrot_pth -2.5 1.5 -2.0 2.0 512' (10 runs):

             57,74 msec task-clock                #    4,105 CPUs utilized            ( +-  0,80% )
                16      context-switches          #    0,279 K/sec                    ( +-  3,40% )
                 6      cpu-migrations            #    0,102 K/sec                    ( +-  9,27% )
                99      page-faults               #    0,002 M/sec                    ( +-  0,38% )
       161.086.551      cycles                    #    2,790 GHz                      ( +-  0,80% )
       166.553.827      instructions              #    1,03  insn per cycle           ( +-  0,01% )
        13.120.088      branches                  #  227,226 M/sec                    ( +-  0,01% )
            68.140      branch-misses             #    0,52% of all branches          ( +-  0,25% )

          0,014065 +- 0,000226 seconds time elapsed  ( +-  1,61% )


 Performance counter stats for './mandelbrot_pth -2.5 1.5 -2.0 2.0 1024' (10 runs):

            223,40 msec task-clock                #    4,124 CPUs utilized            ( +-  3,77% )
                25      context-switches          #    0,113 K/sec                    ( +-  3,64% )
                 9      cpu-migrations            #    0,041 K/sec                    ( +-  5,04% )
                99      page-faults               #    0,442 K/sec                    ( +-  0,42% )
       658.558.278      cycles                    #    2,948 GHz                      ( +-  0,20% )
       658.378.794      instructions              #    1,00  insn per cycle           ( +-  0,00% )
        50.959.821      branches                  #  228,112 M/sec                    ( +-  0,01% )
           183.972      branch-misses             #    0,36% of all branches          ( +-  0,23% )

           0,05417 +- 0,00239 seconds time elapsed  ( +-  4,41% )


 Performance counter stats for './mandelbrot_pth -2.5 1.5 -2.0 2.0 2048' (10 runs):

            885,72 msec task-clock                #    4,718 CPUs utilized            ( +-  1,06% )
                46      context-switches          #    0,052 K/sec                    ( +-  6,02% )
                11      cpu-migrations            #    0,012 K/sec                    ( +-  5,75% )
                99      page-faults               #    0,112 K/sec                    ( +-  0,45% )
     2.569.062.183      cycles                    #    2,901 GHz                      ( +-  0,41% )
     2.624.321.766      instructions              #    1,02  insn per cycle           ( +-  0,00% )
       202.166.407      branches                  #  228,252 M/sec                    ( +-  0,00% )
           607.298      branch-misses             #    0,30% of all branches          ( +-  0,51% )

           0,18774 +- 0,00467 seconds time elapsed  ( +-  2,49% )


 Performance counter stats for './mandelbrot_pth -2.5 1.5 -2.0 2.0 4096' (10 runs):

          3.426,18 msec task-clock                #    4,444 CPUs utilized            ( +-  1,35% )
                68      context-switches          #    0,020 K/sec                    ( +- 10,47% )
                11      cpu-migrations            #    0,003 K/sec                    ( +-  8,26% )
                99      page-faults               #    0,029 K/sec                    ( +-  0,23% )
     9.942.611.262      cycles                    #    2,902 GHz                      ( +-  0,09% )
    10.486.080.989      instructions              #    1,05  insn per cycle           ( +-  0,00% )
       806.640.945      branches                  #  235,434 M/sec                    ( +-  0,00% )
         2.168.371      branch-misses             #    0,27% of all branches          ( +-  0,25% )

            0,7709 +- 0,0125 seconds time elapsed  ( +-  1,62% )


 Performance counter stats for './mandelbrot_pth -2.5 1.5 -2.0 2.0 8192' (10 runs):

         14.050,35 msec task-clock                #    4,646 CPUs utilized            ( +-  0,55% )
               189      context-switches          #    0,013 K/sec                    ( +-  4,65% )
                15      cpu-migrations            #    0,001 K/sec                    ( +-  4,66% )
                99      page-faults               #    0,007 K/sec                    ( +-  0,31% )
    39.803.153.329      cycles                    #    2,833 GHz                      ( +-  0,08% )
    41.928.712.716      instructions              #    1,05  insn per cycle           ( +-  0,00% )
     3.224.182.470      branches                  #  229,473 M/sec                    ( +-  0,00% )
         8.283.763      branch-misses             #    0,26% of all branches          ( +-  0,23% )

           3,02419 +- 0,00624 seconds time elapsed  ( +-  0,21% )

