
 Performance counter stats for './mandelbrot_pth -2.5 1.5 -2.0 2.0 16' (10 runs):

              0,52 msec task-clock                #    0,876 CPUs utilized            ( +-  2,44% )
                 0      context-switches          #    0,192 K/sec                    ( +-100,00% )
                 0      cpu-migrations            #    0,000 K/sec                  
                82      page-faults               #    0,157 M/sec                    ( +-  0,37% )
         2.054.011      cycles                    #    3,953 GHz                      ( +-  2,19% )
         1.691.184      instructions              #    0,82  insn per cycle           ( +-  0,20% )
           319.587      branches                  #  615,006 M/sec                    ( +-  0,21% )
            10.089      branch-misses             #    3,16% of all branches          ( +-  1,96% )

         0,0005929 +- 0,0000153 seconds time elapsed  ( +-  2,58% )


 Performance counter stats for './mandelbrot_pth -2.5 1.5 -2.0 2.0 32' (10 runs):

              0,66 msec task-clock                #    1,026 CPUs utilized            ( +-  1,56% )
                 1      context-switches          #    0,002 M/sec                    ( +- 11,11% )
                 0      cpu-migrations            #    0,000 K/sec                  
                82      page-faults               #    0,124 M/sec                    ( +-  0,24% )
         2.516.772      cycles                    #    3,826 GHz                      ( +-  1,68% )
         2.203.219      instructions              #    0,88  insn per cycle           ( +-  0,21% )
           360.603      branches                  #  548,189 M/sec                    ( +-  0,26% )
            11.024      branch-misses             #    3,06% of all branches          ( +-  1,26% )

         0,0006414 +- 0,0000170 seconds time elapsed  ( +-  2,65% )


 Performance counter stats for './mandelbrot_pth -2.5 1.5 -2.0 2.0 64' (10 runs):

              1,16 msec task-clock                #    1,352 CPUs utilized            ( +-  1,63% )
                 2      context-switches          #    0,002 M/sec                  
                 0      cpu-migrations            #    0,000 K/sec                  
                82      page-faults               #    0,070 M/sec                    ( +-  0,33% )
         4.243.604      cycles                    #    3,662 GHz                      ( +-  1,56% )
         4.157.936      instructions              #    0,98  insn per cycle           ( +-  0,11% )
           511.439      branches                  #  441,306 M/sec                    ( +-  0,18% )
            12.074      branch-misses             #    2,36% of all branches          ( +-  1,18% )

         0,0008573 +- 0,0000132 seconds time elapsed  ( +-  1,54% )


 Performance counter stats for './mandelbrot_pth -2.5 1.5 -2.0 2.0 128' (10 runs):

              3,08 msec task-clock                #    1,868 CPUs utilized            ( +-  0,34% )
                 3      context-switches          #    0,001 M/sec                    ( +-  3,23% )
                 0      cpu-migrations            #    0,000 K/sec                  
                82      page-faults               #    0,026 M/sec                    ( +-  0,33% )
        10.661.289      cycles                    #    3,464 GHz                      ( +-  0,33% )
        11.865.657      instructions              #    1,11  insn per cycle           ( +-  0,04% )
         1.106.188      branches                  #  359,417 M/sec                    ( +-  0,08% )
            15.564      branch-misses             #    1,41% of all branches          ( +-  0,91% )

         0,0016478 +- 0,0000160 seconds time elapsed  ( +-  0,97% )


 Performance counter stats for './mandelbrot_pth -2.5 1.5 -2.0 2.0 256' (10 runs):

             12,42 msec task-clock                #    2,228 CPUs utilized            ( +-  1,67% )
                 4      context-switches          #    0,338 K/sec                    ( +-  3,17% )
                 0      cpu-migrations            #    0,008 K/sec                    ( +-100,00% )
                81      page-faults               #    0,007 M/sec                    ( +-  0,32% )
        39.782.100      cycles                    #    3,204 GHz                      ( +-  1,58% )
        42.696.350      instructions              #    1,07  insn per cycle           ( +-  0,01% )
         3.481.016      branches                  #  280,327 M/sec                    ( +-  0,03% )
            26.575      branch-misses             #    0,76% of all branches          ( +-  0,24% )

          0,005572 +- 0,000134 seconds time elapsed  ( +-  2,41% )


 Performance counter stats for './mandelbrot_pth -2.5 1.5 -2.0 2.0 512' (10 runs):

             48,15 msec task-clock                #    2,407 CPUs utilized            ( +-  0,71% )
                 7      context-switches          #    0,145 K/sec                    ( +-  3,69% )
                 0      cpu-migrations            #    0,010 K/sec                    ( +- 33,33% )
                82      page-faults               #    0,002 M/sec                    ( +-  0,24% )
       141.075.764      cycles                    #    2,930 GHz                      ( +-  0,55% )
       165.716.442      instructions              #    1,17  insn per cycle           ( +-  0,01% )
        12.948.835      branches                  #  268,926 M/sec                    ( +-  0,01% )
            59.277      branch-misses             #    0,46% of all branches          ( +-  0,24% )

          0,020002 +- 0,000156 seconds time elapsed  ( +-  0,78% )


 Performance counter stats for './mandelbrot_pth -2.5 1.5 -2.0 2.0 1024' (10 runs):

            179,22 msec task-clock                #    2,476 CPUs utilized            ( +-  2,14% )
                 9      context-switches          #    0,050 K/sec                    ( +-  8,92% )
                 0      cpu-migrations            #    0,002 K/sec                    ( +- 71,15% )
                81      page-faults               #    0,454 K/sec                    ( +-  0,38% )
       552.560.986      cycles                    #    3,083 GHz                      ( +-  0,04% )
       657.327.939      instructions              #    1,19  insn per cycle           ( +-  0,00% )
        50.749.054      branches                  #  283,164 M/sec                    ( +-  0,01% )
           169.241      branch-misses             #    0,33% of all branches          ( +-  0,14% )

           0,07237 +- 0,00155 seconds time elapsed  ( +-  2,14% )


 Performance counter stats for './mandelbrot_pth -2.5 1.5 -2.0 2.0 2048' (10 runs):

            667,62 msec task-clock                #    2,489 CPUs utilized            ( +-  2,15% )
                12      context-switches          #    0,018 K/sec                    ( +- 12,99% )
                 0      cpu-migrations            #    0,000 K/sec                    ( +-100,00% )
                82      page-faults               #    0,122 K/sec                    ( +-  0,42% )
     2.201.460.570      cycles                    #    3,297 GHz                      ( +-  0,02% )
     2.622.706.016      instructions              #    1,19  insn per cycle           ( +-  0,00% )
       201.847.779      branches                  #  302,339 M/sec                    ( +-  0,00% )
           572.234      branch-misses             #    0,28% of all branches          ( +-  0,08% )

           0,26818 +- 0,00483 seconds time elapsed  ( +-  1,80% )


 Performance counter stats for './mandelbrot_pth -2.5 1.5 -2.0 2.0 4096' (10 runs):

          2.641,73 msec task-clock                #    2,516 CPUs utilized            ( +-  1,47% )
                20      context-switches          #    0,008 K/sec                    ( +-  6,09% )
                 1      cpu-migrations            #    0,000 K/sec                    ( +- 30,45% )
                82      page-faults               #    0,031 K/sec                    ( +-  0,37% )
     8.790.953.955      cycles                    #    3,328 GHz                      ( +-  0,01% )
    10.483.441.344      instructions              #    1,19  insn per cycle           ( +-  0,00% )
       806.135.188      branches                  #  305,154 M/sec                    ( +-  0,00% )
         2.108.132      branch-misses             #    0,26% of all branches          ( +-  0,13% )

           1,04995 +- 0,00954 seconds time elapsed  ( +-  0,91% )


 Performance counter stats for './mandelbrot_pth -2.5 1.5 -2.0 2.0 8192' (10 runs):

         10.935,87 msec task-clock                #    2,639 CPUs utilized            ( +-  0,53% )
                67      context-switches          #    0,006 K/sec                    ( +- 10,39% )
                 8      cpu-migrations            #    0,001 K/sec                    ( +- 13,33% )
                82      page-faults               #    0,008 K/sec                    ( +-  0,24% )
    35.143.293.841      cycles                    #    3,214 GHz                      ( +-  0,01% )
    41.922.524.020      instructions              #    1,19  insn per cycle           ( +-  0,00% )
     3.222.998.065      branches                  #  294,718 M/sec                    ( +-  0,00% )
         8.090.145      branch-misses             #    0,25% of all branches          ( +-  0,12% )

            4,1446 +- 0,0109 seconds time elapsed  ( +-  0,26% )

