
 Performance counter stats for './mandelbrot_pth -2.5 1.5 -2.0 2.0 16' (10 runs):

              0,56 msec task-clock                #    0,720 CPUs utilized            ( +- 18,53% )
                 1      context-switches          #    0,002 M/sec                    ( +- 16,67% )
                 0      cpu-migrations            #    0,000 K/sec                  
                74      page-faults               #    0,131 M/sec                    ( +-  0,42% )
         2.249.421      cycles                    #    4,011 GHz                      ( +- 18,78% )
         1.380.800      instructions              #    0,61  insn per cycle           ( +-  0,23% )
           255.866      branches                  #  456,238 M/sec                    ( +-  0,27% )
             9.295      branch-misses             #    3,63% of all branches          ( +-  1,55% )

          0,000779 +- 0,000169 seconds time elapsed  ( +- 21,65% )


 Performance counter stats for './mandelbrot_pth -2.5 1.5 -2.0 2.0 32' (10 runs):

              0,53 msec task-clock                #    0,866 CPUs utilized            ( +-  1,65% )
                 2      context-switches          #    0,004 M/sec                  
                 0      cpu-migrations            #    0,000 K/sec                  
                73      page-faults               #    0,139 M/sec                    ( +-  0,40% )
         2.052.124      cycles                    #    3,905 GHz                      ( +-  1,66% )
         1.891.830      instructions              #    0,92  insn per cycle           ( +-  0,19% )
           296.827      branches                  #  564,876 M/sec                    ( +-  0,25% )
             9.614      branch-misses             #    3,24% of all branches          ( +-  1,60% )

         0,0006067 +- 0,0000141 seconds time elapsed  ( +-  2,32% )


 Performance counter stats for './mandelbrot_pth -2.5 1.5 -2.0 2.0 64' (10 runs):

              0,97 msec task-clock                #    1,032 CPUs utilized            ( +-  1,32% )
                 2      context-switches          #    0,002 M/sec                    ( +-  4,76% )
                 0      cpu-migrations            #    0,000 K/sec                  
                74      page-faults               #    0,075 M/sec                    ( +-  0,51% )
         3.649.759      cycles                    #    3,744 GHz                      ( +-  1,31% )
         3.848.100      instructions              #    1,05  insn per cycle           ( +-  0,12% )
           447.394      branches                  #  458,960 M/sec                    ( +-  0,19% )
            10.620      branch-misses             #    2,37% of all branches          ( +-  1,64% )

         0,0009443 +- 0,0000145 seconds time elapsed  ( +-  1,53% )


 Performance counter stats for './mandelbrot_pth -2.5 1.5 -2.0 2.0 128' (10 runs):

              2,85 msec task-clock                #    1,293 CPUs utilized            ( +-  0,69% )
                 3      context-switches          #    0,001 M/sec                    ( +-  3,23% )
                 0      cpu-migrations            #    0,000 K/sec                  
                74      page-faults               #    0,026 M/sec                    ( +-  0,45% )
         9.912.374      cycles                    #    3,473 GHz                      ( +-  0,69% )
        11.550.142      instructions              #    1,17  insn per cycle           ( +-  0,04% )
         1.041.944      branches                  #  365,084 M/sec                    ( +-  0,09% )
            13.882      branch-misses             #    1,33% of all branches          ( +-  1,07% )

         0,0022065 +- 0,0000111 seconds time elapsed  ( +-  0,50% )


 Performance counter stats for './mandelbrot_pth -2.5 1.5 -2.0 2.0 256' (10 runs):

             10,52 msec task-clock                #    1,399 CPUs utilized            ( +-  0,41% )
                 3      context-switches          #    0,295 K/sec                    ( +-  3,23% )
                 0      cpu-migrations            #    0,000 K/sec                  
                74      page-faults               #    0,007 M/sec                    ( +-  0,34% )
        34.410.388      cycles                    #    3,270 GHz                      ( +-  0,06% )
        42.349.221      instructions              #    1,23  insn per cycle           ( +-  0,01% )
         3.410.914      branches                  #  324,130 M/sec                    ( +-  0,03% )
            23.961      branch-misses             #    0,70% of all branches          ( +-  0,17% )

         0,0075212 +- 0,0000409 seconds time elapsed  ( +-  0,54% )


 Performance counter stats for './mandelbrot_pth -2.5 1.5 -2.0 2.0 512' (10 runs):

             40,94 msec task-clock                #    1,450 CPUs utilized            ( +-  1,32% )
                 4      context-switches          #    0,086 K/sec                    ( +-  8,78% )
                 0      cpu-migrations            #    0,002 K/sec                    ( +-100,00% )
                74      page-faults               #    0,002 M/sec                    ( +-  0,35% )
       132.060.287      cycles                    #    3,226 GHz                      ( +-  0,05% )
       165.286.896      instructions              #    1,25  insn per cycle           ( +-  0,00% )
        12.863.205      branches                  #  314,232 M/sec                    ( +-  0,01% )
            54.383      branch-misses             #    0,42% of all branches          ( +-  0,39% )

          0,028233 +- 0,000374 seconds time elapsed  ( +-  1,33% )


 Performance counter stats for './mandelbrot_pth -2.5 1.5 -2.0 2.0 1024' (10 runs):

            147,81 msec task-clock                #    1,467 CPUs utilized            ( +-  2,84% )
                 7      context-switches          #    0,045 K/sec                    ( +- 16,81% )
                 0      cpu-migrations            #    0,002 K/sec                    ( +- 50,92% )
                73      page-faults               #    0,497 K/sec                    ( +-  0,42% )
       521.857.794      cycles                    #    3,531 GHz                      ( +-  0,06% )
       656.853.447      instructions              #    1,26  insn per cycle           ( +-  0,00% )
        50.656.098      branches                  #  342,722 M/sec                    ( +-  0,01% )
           162.232      branch-misses             #    0,32% of all branches          ( +-  0,20% )

           0,10076 +- 0,00279 seconds time elapsed  ( +-  2,77% )


 Performance counter stats for './mandelbrot_pth -2.5 1.5 -2.0 2.0 2048' (10 runs):

            543,13 msec task-clock                #    1,472 CPUs utilized            ( +-  2,16% )
                 6      context-switches          #    0,010 K/sec                    ( +- 14,91% )
                 0      cpu-migrations            #    0,001 K/sec                    ( +- 53,75% )
                74      page-faults               #    0,136 K/sec                    ( +-  0,41% )
     2.076.376.969      cycles                    #    3,823 GHz                      ( +-  0,01% )
     2.621.993.350      instructions              #    1,26  insn per cycle           ( +-  0,00% )
       201.710.341      branches                  #  371,384 M/sec                    ( +-  0,00% )
           559.833      branch-misses             #    0,28% of all branches          ( +-  0,05% )

           0,36901 +- 0,00703 seconds time elapsed  ( +-  1,90% )


 Performance counter stats for './mandelbrot_pth -2.5 1.5 -2.0 2.0 4096' (10 runs):

          2.138,87 msec task-clock                #    1,487 CPUs utilized            ( +-  0,87% )
                17      context-switches          #    0,008 K/sec                    ( +-  8,36% )
                 2      cpu-migrations            #    0,001 K/sec                    ( +- 22,95% )
                73      page-faults               #    0,034 K/sec                    ( +-  0,27% )
     8.292.504.584      cycles                    #    3,877 GHz                      ( +-  0,01% )
    10.482.172.609      instructions              #    1,26  insn per cycle           ( +-  0,00% )
       805.897.160      branches                  #  376,787 M/sec                    ( +-  0,00% )
         2.078.848      branch-misses             #    0,26% of all branches          ( +-  0,03% )

           1,43867 +- 0,00887 seconds time elapsed  ( +-  0,62% )


 Performance counter stats for './mandelbrot_pth -2.5 1.5 -2.0 2.0 8192' (10 runs):

          8.667,35 msec task-clock                #    1,514 CPUs utilized            ( +-  0,19% )
                37      context-switches          #    0,004 K/sec                    ( +-  8,50% )
                 6      cpu-migrations            #    0,001 K/sec                    ( +- 17,29% )
                73      page-faults               #    0,008 K/sec                    ( +-  0,46% )
    33.151.978.175      cycles                    #    3,825 GHz                      ( +-  0,05% )
    41.918.999.460      instructions              #    1,26  insn per cycle           ( +-  0,00% )
     3.222.319.410      branches                  #  371,777 M/sec                    ( +-  0,00% )
         7.986.734      branch-misses             #    0,25% of all branches          ( +-  0,02% )

           5,72319 +- 0,00781 seconds time elapsed  ( +-  0,14% )

