
 Performance counter stats for './mandelbrot_pth -0.188 -0.012 0.554 0.754 16' (10 runs):

              0,56 msec task-clock                #    0,757 CPUs utilized            ( +-  1,66% )
                 1      context-switches          #    0,002 M/sec                  
                 0      cpu-migrations            #    0,000 K/sec                  
                68      page-faults               #    0,121 M/sec                    ( +-  0,32% )
         2.274.258      cycles                    #    4,058 GHz                      ( +-  1,66% )
         2.285.960      instructions              #    1,01  insn per cycle           ( +-  0,22% )
           295.789      branches                  #  527,839 M/sec                    ( +-  0,29% )
             7.669      branch-misses             #    2,59% of all branches          ( +-  2,51% )

         0,0007400 +- 0,0000188 seconds time elapsed  ( +-  2,54% )


 Performance counter stats for './mandelbrot_pth -0.188 -0.012 0.554 0.754 32' (10 runs):

              1,36 msec task-clock                #    0,868 CPUs utilized            ( +-  0,65% )
                 1      context-switches          #    0,881 K/sec                    ( +- 11,11% )
                 0      cpu-migrations            #    0,000 K/sec                  
                68      page-faults               #    0,050 M/sec                    ( +-  0,54% )
         5.521.022      cycles                    #    4,054 GHz                      ( +-  0,60% )
         6.110.081      instructions              #    1,11  insn per cycle           ( +-  0,07% )
           580.089      branches                  #  425,901 M/sec                    ( +-  0,15% )
             8.992      branch-misses             #    1,55% of all branches          ( +-  1,44% )

         0,0015697 +- 0,0000157 seconds time elapsed  ( +-  1,00% )


 Performance counter stats for './mandelbrot_pth -0.188 -0.012 0.554 0.754 64' (10 runs):

              4,65 msec task-clock                #    0,951 CPUs utilized            ( +-  2,68% )
                 1      context-switches          #    0,215 K/sec                  
                 0      cpu-migrations            #    0,000 K/sec                  
                68      page-faults               #    0,015 M/sec                    ( +-  0,49% )
        18.953.304      cycles                    #    4,076 GHz                      ( +-  2,42% )
        21.444.529      instructions              #    1,13  insn per cycle           ( +-  0,02% )
         1.719.970      branches                  #  369,891 M/sec                    ( +-  0,05% )
            12.427      branch-misses             #    0,72% of all branches          ( +-  0,28% )

          0,004889 +- 0,000168 seconds time elapsed  ( +-  3,44% )


 Performance counter stats for './mandelbrot_pth -0.188 -0.012 0.554 0.754 128' (10 runs):

             18,13 msec task-clock                #    0,986 CPUs utilized            ( +-  1,45% )
                 2      context-switches          #    0,088 K/sec                    ( +- 21,25% )
                 0      cpu-migrations            #    0,000 K/sec                  
                68      page-faults               #    0,004 M/sec                    ( +-  0,67% )
        70.371.190      cycles                    #    3,881 GHz                      ( +-  0,11% )
        82.606.300      instructions              #    1,17  insn per cycle           ( +-  0,01% )
         6.269.248      branches                  #  345,713 M/sec                    ( +-  0,02% )
            25.062      branch-misses             #    0,40% of all branches          ( +-  0,29% )

          0,018397 +- 0,000268 seconds time elapsed  ( +-  1,45% )


 Performance counter stats for './mandelbrot_pth -0.188 -0.012 0.554 0.754 256' (10 runs):

             67,32 msec task-clock                #    0,996 CPUs utilized            ( +-  0,28% )
                 3      context-switches          #    0,043 K/sec                    ( +- 27,90% )
                 0      cpu-migrations            #    0,000 K/sec                  
                68      page-faults               #    0,001 M/sec                    ( +-  0,37% )
       277.747.586      cycles                    #    4,126 GHz                      ( +-  0,11% )
       327.117.961      instructions              #    1,18  insn per cycle           ( +-  0,00% )
        24.454.196      branches                  #  363,236 M/sec                    ( +-  0,01% )
            74.804      branch-misses             #    0,31% of all branches          ( +-  0,17% )

          0,067625 +- 0,000195 seconds time elapsed  ( +-  0,29% )


 Performance counter stats for './mandelbrot_pth -0.188 -0.012 0.554 0.754 512' (10 runs):

            258,94 msec task-clock                #    0,999 CPUs utilized            ( +-  0,40% )
                 4      context-switches          #    0,017 K/sec                    ( +- 26,19% )
                 0      cpu-migrations            #    0,000 K/sec                    ( +-100,00% )
                67      page-faults               #    0,260 K/sec                    ( +-  0,50% )
     1.104.902.368      cycles                    #    4,267 GHz                      ( +-  0,05% )
     1.304.928.923      instructions              #    1,18  insn per cycle           ( +-  0,00% )
        97.165.735      branches                  #  375,242 M/sec                    ( +-  0,00% )
           271.915      branch-misses             #    0,28% of all branches          ( +-  0,08% )

           0,25929 +- 0,00105 seconds time elapsed  ( +-  0,40% )


 Performance counter stats for './mandelbrot_pth -0.188 -0.012 0.554 0.754 1024' (10 runs):

          1.022,82 msec task-clock                #    1,000 CPUs utilized            ( +-  0,26% )
                 7      context-switches          #    0,007 K/sec                    ( +- 26,56% )
                 1      cpu-migrations            #    0,000 K/sec                    ( +- 61,46% )
                68      page-faults               #    0,067 K/sec                    ( +-  0,53% )
     4.412.200.177      cycles                    #    4,314 GHz                      ( +-  0,01% )
     5.215.655.423      instructions              #    1,18  insn per cycle           ( +-  0,00% )
       387.967.631      branches                  #  379,312 M/sec                    ( +-  0,00% )
         1.056.982      branch-misses             #    0,27% of all branches          ( +-  0,02% )

           1,02320 +- 0,00268 seconds time elapsed  ( +-  0,26% )


 Performance counter stats for './mandelbrot_pth -0.188 -0.012 0.554 0.754 2048' (10 runs):

          4.083,48 msec task-clock                #    1,000 CPUs utilized            ( +-  0,31% )
                19      context-switches          #    0,005 K/sec                    ( +- 13,92% )
                 2      cpu-migrations            #    0,000 K/sec                    ( +- 24,12% )
                68      page-faults               #    0,017 K/sec                    ( +-  0,57% )
    17.640.086.690      cycles                    #    4,320 GHz                      ( +-  0,01% )
    20.858.598.160      instructions              #    1,18  insn per cycle           ( +-  0,00% )
     1.551.196.546      branches                  #  379,871 M/sec                    ( +-  0,00% )
         4.194.381      branch-misses             #    0,27% of all branches          ( +-  0,02% )

            4,0840 +- 0,0125 seconds time elapsed  ( +-  0,31% )


 Performance counter stats for './mandelbrot_pth -0.188 -0.012 0.554 0.754 4096' (10 runs):

         16.213,03 msec task-clock                #    1,000 CPUs utilized            ( +-  0,08% )
                84      context-switches          #    0,005 K/sec                    ( +- 12,49% )
                 7      cpu-migrations            #    0,000 K/sec                    ( +- 20,76% )
                68      page-faults               #    0,004 K/sec                    ( +-  0,55% )
    70.538.545.563      cycles                    #    4,351 GHz                      ( +-  0,01% )
    83.426.377.920      instructions              #    1,18  insn per cycle           ( +-  0,00% )
     6.203.749.681      branches                  #  382,640 M/sec                    ( +-  0,00% )
        16.733.464      branch-misses             #    0,27% of all branches          ( +-  0,01% )

           16,2142 +- 0,0130 seconds time elapsed  ( +-  0,08% )


 Performance counter stats for './mandelbrot_pth -0.188 -0.012 0.554 0.754 8192' (10 runs):

         65.338,86 msec task-clock                #    1,000 CPUs utilized            ( +-  0,26% )
               275      context-switches          #    0,004 K/sec                    ( +-  9,69% )
                22      cpu-migrations            #    0,000 K/sec                    ( +- 13,81% )
                69      page-faults               #    0,001 K/sec                    ( +-  0,32% )
   282.171.402.634      cycles                    #    4,319 GHz                      ( +-  0,01% )
   333.693.056.973      instructions              #    1,18  insn per cycle           ( +-  0,00% )
    24.813.876.543      branches                  #  379,772 M/sec                    ( +-  0,00% )
        66.879.131      branch-misses             #    0,27% of all branches          ( +-  0,01% )

            65,342 +- 0,172 seconds time elapsed  ( +-  0,26% )

