
 Performance counter stats for './mandelbrot_pth -0.188 -0.012 0.554 0.754 16' (10 runs):

              1,22 msec task-clock                #    1,266 CPUs utilized            ( +-  0,97% )
                 0      context-switches          #    0,245 K/sec                    ( +- 50,92% )
                 0      cpu-migrations            #    0,000 K/sec                  
                99      page-faults               #    0,081 M/sec                    ( +-  0,18% )
         3.910.778      cycles                    #    3,195 GHz                      ( +-  0,97% )
         3.432.285      instructions              #    0,88  insn per cycle           ( +-  0,15% )
           532.353      branches                  #  434,903 M/sec                    ( +-  0,19% )
            11.934      branch-misses             #    2,24% of all branches          ( +-  1,15% )

         0,0009673 +- 0,0000156 seconds time elapsed  ( +-  1,61% )


 Performance counter stats for './mandelbrot_pth -0.188 -0.012 0.554 0.754 32' (10 runs):

              2,61 msec task-clock                #    2,357 CPUs utilized            ( +-  0,49% )
                 2      context-switches          #    0,806 K/sec                    ( +- 11,11% )
                 0      cpu-migrations            #    0,038 K/sec                    ( +-100,00% )
                99      page-faults               #    0,038 M/sec                    ( +-  0,27% )
         8.149.299      cycles                    #    3,127 GHz                      ( +-  0,52% )
         7.311.104      instructions              #    0,90  insn per cycle           ( +-  0,12% )
           828.503      branches                  #  317,879 M/sec                    ( +-  0,22% )
            13.637      branch-misses             #    1,65% of all branches          ( +-  2,31% )

         0,0011060 +- 0,0000188 seconds time elapsed  ( +-  1,70% )


 Performance counter stats for './mandelbrot_pth -0.188 -0.012 0.554 0.754 64' (10 runs):

              7,70 msec task-clock                #    3,757 CPUs utilized            ( +-  0,73% )
                14      context-switches          #    0,002 M/sec                    ( +-  7,64% )
                 4      cpu-migrations            #    0,507 K/sec                    ( +- 14,02% )
                99      page-faults               #    0,013 M/sec                    ( +-  0,37% )
        24.377.827      cycles                    #    3,168 GHz                      ( +-  0,72% )
        22.772.240      instructions              #    0,93  insn per cycle           ( +-  0,04% )
         1.995.087      branches                  #  259,246 M/sec                    ( +-  0,09% )
            19.367      branch-misses             #    0,97% of all branches          ( +-  1,00% )

         0,0020486 +- 0,0000426 seconds time elapsed  ( +-  2,08% )


 Performance counter stats for './mandelbrot_pth -0.188 -0.012 0.554 0.754 128' (10 runs):

             30,21 msec task-clock                #    5,320 CPUs utilized            ( +-  0,57% )
                16      context-switches          #    0,523 K/sec                    ( +-  8,43% )
                 5      cpu-migrations            #    0,175 K/sec                    ( +- 11,27% )
                99      page-faults               #    0,003 M/sec                    ( +-  0,30% )
        90.136.750      cycles                    #    2,984 GHz                      ( +-  0,52% )
        84.007.438      instructions              #    0,93  insn per cycle           ( +-  0,02% )
         6.557.925      branches                  #  217,110 M/sec                    ( +-  0,04% )
            35.225      branch-misses             #    0,54% of all branches          ( +-  0,87% )

         0,0056778 +- 0,0000809 seconds time elapsed  ( +-  1,42% )


 Performance counter stats for './mandelbrot_pth -0.188 -0.012 0.554 0.754 256' (10 runs):

            128,23 msec task-clock                #    6,820 CPUs utilized            ( +-  0,29% )
                25      context-switches          #    0,194 K/sec                    ( +-  5,97% )
                 7      cpu-migrations            #    0,055 K/sec                    ( +-  4,90% )
                99      page-faults               #    0,770 K/sec                    ( +-  0,34% )
       357.957.578      cycles                    #    2,791 GHz                      ( +-  0,28% )
       328.677.779      instructions              #    0,92  insn per cycle           ( +-  0,00% )
        24.773.673      branches                  #  193,191 M/sec                    ( +-  0,01% )
            87.959      branch-misses             #    0,36% of all branches          ( +-  0,15% )

          0,018802 +- 0,000298 seconds time elapsed  ( +-  1,59% )


 Performance counter stats for './mandelbrot_pth -0.188 -0.012 0.554 0.754 512' (10 runs):

            545,33 msec task-clock                #    7,213 CPUs utilized            ( +-  0,59% )
                48      context-switches          #    0,088 K/sec                    ( +-  3,94% )
                 9      cpu-migrations            #    0,016 K/sec                    ( +-  1,96% )
                99      page-faults               #    0,182 K/sec                    ( +-  0,33% )
     1.432.589.327      cycles                    #    2,627 GHz                      ( +-  0,08% )
     1.306.975.760      instructions              #    0,91  insn per cycle           ( +-  0,00% )
        97.581.218      branches                  #  178,940 M/sec                    ( +-  0,00% )
           291.999      branch-misses             #    0,30% of all branches          ( +-  0,23% )

          0,075606 +- 0,000673 seconds time elapsed  ( +-  0,89% )


 Performance counter stats for './mandelbrot_pth -0.188 -0.012 0.554 0.754 1024' (10 runs):

          2.197,69 msec task-clock                #    7,510 CPUs utilized            ( +-  0,23% )
               152      context-switches          #    0,069 K/sec                    ( +-  2,52% )
                10      cpu-migrations            #    0,005 K/sec                    ( +-  5,59% )
               100      page-faults               #    0,045 K/sec                    ( +-  0,34% )
     5.733.333.532      cycles                    #    2,609 GHz                      ( +-  0,09% )
     5.219.277.714      instructions              #    0,91  insn per cycle           ( +-  0,00% )
       388.701.105      branches                  #  176,868 M/sec                    ( +-  0,00% )
         1.097.147      branch-misses             #    0,28% of all branches          ( +-  0,14% )

           0,29264 +- 0,00132 seconds time elapsed  ( +-  0,45% )


 Performance counter stats for './mandelbrot_pth -0.188 -0.012 0.554 0.754 2048' (10 runs):

          8.837,18 msec task-clock                #    7,506 CPUs utilized            ( +-  0,36% )
               672      context-switches          #    0,076 K/sec                    ( +-  6,60% )
                27      cpu-migrations            #    0,003 K/sec                    ( +- 13,15% )
               100      page-faults               #    0,011 K/sec                    ( +-  0,31% )
    22.880.855.208      cycles                    #    2,589 GHz                      ( +-  0,13% )
    20.868.296.492      instructions              #    0,91  insn per cycle           ( +-  0,00% )
     1.553.175.965      branches                  #  175,755 M/sec                    ( +-  0,01% )
         4.294.628      branch-misses             #    0,28% of all branches          ( +-  0,18% )

            1,1773 +- 0,0146 seconds time elapsed  ( +-  1,24% )


 Performance counter stats for './mandelbrot_pth -0.188 -0.012 0.554 0.754 4096' (10 runs):

         35.716,41 msec task-clock                #    7,787 CPUs utilized            ( +-  0,20% )
             2.643      context-switches          #    0,074 K/sec                    ( +-  1,57% )
                58      cpu-migrations            #    0,002 K/sec                    ( +-  6,91% )
                99      page-faults               #    0,003 K/sec                    ( +-  0,27% )
    92.094.738.745      cycles                    #    2,578 GHz                      ( +-  0,15% )
    83.457.966.675      instructions              #    0,91  insn per cycle           ( +-  0,00% )
     6.210.208.553      branches                  #  173,875 M/sec                    ( +-  0,00% )
        17.029.241      branch-misses             #    0,27% of all branches          ( +-  0,10% )

           4,58679 +- 0,00916 seconds time elapsed  ( +-  0,20% )


 Performance counter stats for './mandelbrot_pth -0.188 -0.012 0.554 0.754 8192' (10 runs):

        143.476,29 msec task-clock                #    7,862 CPUs utilized            ( +-  0,06% )
            10.565      context-switches          #    0,074 K/sec                    ( +-  0,31% )
               178      cpu-migrations            #    0,001 K/sec                    ( +-  4,28% )
                99      page-faults               #    0,001 K/sec                    ( +-  0,15% )
   368.336.512.976      cycles                    #    2,567 GHz                      ( +-  0,03% )
   333.809.413.428      instructions              #    0,91  insn per cycle           ( +-  0,00% )
    24.837.699.861      branches                  #  173,114 M/sec                    ( +-  0,00% )
        67.782.737      branch-misses             #    0,27% of all branches          ( +-  0,04% )

           18,2485 +- 0,0210 seconds time elapsed  ( +-  0,12% )

