
 Performance counter stats for './mandelbrot_omp 0.175 0.375 -0.1 0.1 16' (10 runs):

              6,16 msec task-clock                #    3,617 CPUs utilized            ( +- 75,92% )
                 1      context-switches          #    0,097 K/sec                    ( +- 83,15% )
                 0      cpu-migrations            #    0,016 K/sec                    ( +-100,00% )
                95      page-faults               #    0,015 M/sec                    ( +-  0,32% )
        23.711.680      cycles                    #    3,849 GHz                      ( +- 75,98% )
         3.636.235      instructions              #    0,15  insn per cycle           ( +- 21,71% )
           712.772      branches                  #  115,692 M/sec                    ( +- 31,45% )
            13.257      branch-misses             #    1,86% of all branches          ( +-  1,77% )

          0,001704 +- 0,000736 seconds time elapsed  ( +- 43,23% )


 Performance counter stats for './mandelbrot_omp 0.175 0.375 -0.1 0.1 32' (10 runs):

              2,87 msec task-clock                #    2,775 CPUs utilized            ( +-  0,73% )
                 0      context-switches          #    0,035 K/sec                    ( +-100,00% )
                 0      cpu-migrations            #    0,000 K/sec                  
                95      page-faults               #    0,033 M/sec                    ( +-  0,53% )
         9.907.401      cycles                    #    3,448 GHz                      ( +-  0,76% )
         5.995.896      instructions              #    0,61  insn per cycle           ( +-  0,11% )
           862.404      branches                  #  300,175 M/sec                    ( +-  0,17% )
            13.730      branch-misses             #    1,59% of all branches          ( +-  0,64% )

         0,0010354 +- 0,0000151 seconds time elapsed  ( +-  1,46% )


 Performance counter stats for './mandelbrot_omp 0.175 0.375 -0.1 0.1 64' (10 runs):

              8,90 msec task-clock                #    4,893 CPUs utilized            ( +-  5,56% )
                 1      context-switches          #    0,067 K/sec                    ( +- 56,66% )
                 0      cpu-migrations            #    0,000 K/sec                  
                94      page-faults               #    0,011 M/sec                    ( +-  0,55% )
        29.162.346      cycles                    #    3,275 GHz                      ( +-  5,60% )
        18.553.973      instructions              #    0,64  insn per cycle           ( +-  0,40% )
         2.362.329      branches                  #  265,313 M/sec                    ( +-  0,89% )
            17.099      branch-misses             #    0,72% of all branches          ( +-  1,71% )

         0,0018198 +- 0,0000713 seconds time elapsed  ( +-  3,92% )


 Performance counter stats for './mandelbrot_omp 0.175 0.375 -0.1 0.1 128' (10 runs):

             31,94 msec task-clock                #    6,737 CPUs utilized            ( +-  0,48% )
                 2      context-switches          #    0,050 K/sec                    ( +- 19,09% )
                 0      cpu-migrations            #    0,000 K/sec                  
                95      page-faults               #    0,003 M/sec                    ( +-  0,35% )
        97.129.592      cycles                    #    3,041 GHz                      ( +-  0,13% )
        68.324.374      instructions              #    0,70  insn per cycle           ( +-  0,01% )
         8.244.277      branches                  #  258,156 M/sec                    ( +-  0,02% )
            29.744      branch-misses             #    0,36% of all branches          ( +-  0,66% )

         0,0047402 +- 0,0000219 seconds time elapsed  ( +-  0,46% )


 Performance counter stats for './mandelbrot_omp 0.175 0.375 -0.1 0.1 256' (10 runs):

            134,49 msec task-clock                #    7,602 CPUs utilized            ( +-  0,42% )
                 7      context-switches          #    0,049 K/sec                    ( +- 33,29% )
                 0      cpu-migrations            #    0,000 K/sec                  
                95      page-faults               #    0,704 K/sec                    ( +-  0,35% )
       375.448.924      cycles                    #    2,792 GHz                      ( +-  0,43% )
       267.532.370      instructions              #    0,71  insn per cycle           ( +-  0,02% )
        31.833.874      branches                  #  236,702 M/sec                    ( +-  0,05% )
            75.530      branch-misses             #    0,24% of all branches          ( +-  0,61% )

         0,0176908 +- 0,0000666 seconds time elapsed  ( +-  0,38% )


 Performance counter stats for './mandelbrot_omp 0.175 0.375 -0.1 0.1 512' (10 runs):

            502,88 msec task-clock                #    6,960 CPUs utilized            ( +-  1,69% )
                17      context-switches          #    0,034 K/sec                    ( +-  6,20% )
                 1      cpu-migrations            #    0,001 K/sec                    ( +- 60,42% )
                95      page-faults               #    0,189 K/sec                    ( +-  0,31% )
     1.334.755.102      cycles                    #    2,654 GHz                      ( +-  1,79% )
     1.056.808.662      instructions              #    0,79  insn per cycle           ( +-  0,10% )
       124.223.429      branches                  #  247,022 M/sec                    ( +-  0,25% )
           254.741      branch-misses             #    0,21% of all branches          ( +-  0,60% )

           0,07225 +- 0,00134 seconds time elapsed  ( +-  1,86% )


 Performance counter stats for './mandelbrot_omp 0.175 0.375 -0.1 0.1 1024' (10 runs):

          1.708,78 msec task-clock                #    6,231 CPUs utilized            ( +-  0,57% )
                30      context-switches          #    0,018 K/sec                    ( +-  9,80% )
                 2      cpu-migrations            #    0,001 K/sec                    ( +- 37,17% )
                95      page-faults               #    0,055 K/sec                    ( +-  0,42% )
     4.582.701.876      cycles                    #    2,682 GHz                      ( +-  0,55% )
     4.187.174.550      instructions              #    0,91  insn per cycle           ( +-  0,02% )
       486.321.184      branches                  #  284,601 M/sec                    ( +-  0,05% )
           964.422      branch-misses             #    0,20% of all branches          ( +-  0,88% )

           0,27424 +- 0,00151 seconds time elapsed  ( +-  0,55% )


 Performance counter stats for './mandelbrot_omp 0.175 0.375 -0.1 0.1 2048' (10 runs):

          6.393,07 msec task-clock                #    5,923 CPUs utilized            ( +-  0,49% )
                81      context-switches          #    0,013 K/sec                    ( +- 13,28% )
                 5      cpu-migrations            #    0,001 K/sec                    ( +- 18,10% )
                95      page-faults               #    0,015 K/sec                    ( +-  0,36% )
    17.309.322.748      cycles                    #    2,708 GHz                      ( +-  0,46% )
    16.691.122.668      instructions              #    0,96  insn per cycle           ( +-  0,01% )
     1.930.239.031      branches                  #  301,927 M/sec                    ( +-  0,02% )
         3.757.535      branch-misses             #    0,19% of all branches          ( +-  0,69% )

           1,07940 +- 0,00407 seconds time elapsed  ( +-  0,38% )


 Performance counter stats for './mandelbrot_omp 0.175 0.375 -0.1 0.1 4096' (10 runs):

         25.126,95 msec task-clock                #    5,908 CPUs utilized            ( +-  0,16% )
               152      context-switches          #    0,006 K/sec                    ( +- 11,17% )
                10      cpu-migrations            #    0,000 K/sec                    ( +- 11,36% )
                96      page-faults               #    0,004 K/sec                    ( +-  0,21% )
    67.696.892.393      cycles                    #    2,694 GHz                      ( +-  0,04% )
    66.695.407.864      instructions              #    0,99  insn per cycle           ( +-  0,00% )
     7.704.097.812      branches                  #  306,607 M/sec                    ( +-  0,00% )
        14.755.232      branch-misses             #    0,19% of all branches          ( +-  0,35% )

            4,2531 +- 0,0104 seconds time elapsed  ( +-  0,24% )


 Performance counter stats for './mandelbrot_omp 0.175 0.375 -0.1 0.1 8192' (10 runs):

        101.624,52 msec task-clock                #    5,976 CPUs utilized            ( +-  0,36% )
               695      context-switches          #    0,007 K/sec                    ( +-  6,11% )
                23      cpu-migrations            #    0,000 K/sec                    ( +- 11,66% )
                95      page-faults               #    0,001 K/sec                    ( +-  0,34% )
   270.665.581.965      cycles                    #    2,663 GHz                      ( +-  0,40% )
   266.709.256.739      instructions              #    0,99  insn per cycle           ( +-  0,00% )
    30.799.176.634      branches                  #  303,068 M/sec                    ( +-  0,00% )
        59.007.390      branch-misses             #    0,19% of all branches          ( +-  0,54% )

           17,0047 +- 0,0454 seconds time elapsed  ( +-  0,27% )

