
 Performance counter stats for './mandelbrot_omp 0.175 0.375 -0.1 0.1 16' (10 runs):

              1,05 msec task-clock                #    1,047 CPUs utilized            ( +- 14,22% )
                 0      context-switches          #    0,096 K/sec                    ( +-100,00% )
                 0      cpu-migrations            #    0,000 K/sec                  
                86      page-faults               #    0,082 M/sec                    ( +-  0,72% )
         4.157.671      cycles                    #    3,973 GHz                      ( +- 14,45% )
         2.512.484      instructions              #    0,60  insn per cycle           ( +-  0,30% )
           415.494      branches                  #  397,032 M/sec                    ( +-  0,43% )
            11.570      branch-misses             #    2,78% of all branches          ( +-  0,88% )

          0,000999 +- 0,000198 seconds time elapsed  ( +- 19,81% )


 Performance counter stats for './mandelbrot_omp 0.175 0.375 -0.1 0.1 32' (10 runs):

              1,87 msec task-clock                #    1,873 CPUs utilized            ( +-  0,62% )
                 0      context-switches          #    0,107 K/sec                    ( +-100,00% )
                 0      cpu-migrations            #    0,000 K/sec                  
                86      page-faults               #    0,046 M/sec                    ( +-  0,31% )
         6.752.954      cycles                    #    3,608 GHz                      ( +-  0,70% )
         5.634.497      instructions              #    0,83  insn per cycle           ( +-  0,09% )
           781.616      branches                  #  417,643 M/sec                    ( +-  0,13% )
            12.414      branch-misses             #    1,59% of all branches          ( +-  1,15% )

         0,0009989 +- 0,0000202 seconds time elapsed  ( +-  2,02% )


 Performance counter stats for './mandelbrot_omp 0.175 0.375 -0.1 0.1 64' (10 runs):

              6,20 msec task-clock                #    2,915 CPUs utilized            ( +-  0,30% )
                 0      context-switches          #    0,016 K/sec                    ( +-100,00% )
                 0      cpu-migrations            #    0,000 K/sec                  
                86      page-faults               #    0,014 M/sec                    ( +-  0,60% )
        20.944.666      cycles                    #    3,380 GHz                      ( +-  0,17% )
        18.043.922      instructions              #    0,86  insn per cycle           ( +-  0,03% )
         2.240.729      branches                  #  361,623 M/sec                    ( +-  0,05% )
            15.768      branch-misses             #    0,70% of all branches          ( +-  0,81% )

         0,0021256 +- 0,0000165 seconds time elapsed  ( +-  0,78% )


 Performance counter stats for './mandelbrot_omp 0.175 0.375 -0.1 0.1 128' (10 runs):

             25,14 msec task-clock                #    3,632 CPUs utilized            ( +-  0,21% )
                 1      context-switches          #    0,032 K/sec                    ( +- 36,32% )
                 0      cpu-migrations            #    0,000 K/sec                  
                86      page-faults               #    0,003 M/sec                    ( +-  0,56% )
        77.660.942      cycles                    #    3,089 GHz                      ( +-  0,14% )
        67.631.522      instructions              #    0,87  insn per cycle           ( +-  0,01% )
         8.071.746      branches                  #  321,054 M/sec                    ( +-  0,02% )
            27.718      branch-misses             #    0,34% of all branches          ( +-  0,19% )

         0,0069216 +- 0,0000289 seconds time elapsed  ( +-  0,42% )


 Performance counter stats for './mandelbrot_omp 0.175 0.375 -0.1 0.1 256' (10 runs):

            102,28 msec task-clock                #    3,788 CPUs utilized            ( +-  0,15% )
                 5      context-switches          #    0,049 K/sec                    ( +- 11,16% )
                 0      cpu-migrations            #    0,000 K/sec                  
                86      page-faults               #    0,845 K/sec                    ( +-  0,26% )
       295.706.787      cycles                    #    2,891 GHz                      ( +-  0,13% )
       265.460.350      instructions              #    0,90  insn per cycle           ( +-  0,00% )
        31.272.472      branches                  #  305,767 M/sec                    ( +-  0,01% )
            73.676      branch-misses             #    0,24% of all branches          ( +-  0,30% )

         0,0270016 +- 0,0000489 seconds time elapsed  ( +-  0,18% )


 Performance counter stats for './mandelbrot_omp 0.175 0.375 -0.1 0.1 512' (10 runs):

            339,75 msec task-clock                #    3,336 CPUs utilized            ( +-  0,06% )
                10      context-switches          #    0,029 K/sec                    ( +- 15,06% )
                 0      cpu-migrations            #    0,001 K/sec                    ( +- 71,15% )
                86      page-faults               #    0,252 K/sec                    ( +-  0,43% )
     1.016.690.513      cycles                    #    2,992 GHz                      ( +-  0,06% )
     1.048.737.107      instructions              #    1,03  insn per cycle           ( +-  0,00% )
       121.970.408      branches                  #  358,997 M/sec                    ( +-  0,00% )
           249.174      branch-misses             #    0,20% of all branches          ( +-  0,13% )

         0,1018468 +- 0,0000876 seconds time elapsed  ( +-  0,09% )


 Performance counter stats for './mandelbrot_omp 0.175 0.375 -0.1 0.1 1024' (10 runs):

          1.222,51 msec task-clock                #    3,121 CPUs utilized            ( +-  0,28% )
                17      context-switches          #    0,014 K/sec                    ( +- 12,38% )
                 2      cpu-migrations            #    0,001 K/sec                    ( +- 20,49% )
                86      page-faults               #    0,070 K/sec                    ( +-  0,41% )
     3.774.452.255      cycles                    #    3,087 GHz                      ( +-  0,02% )
     4.175.451.951      instructions              #    1,11  insn per cycle           ( +-  0,00% )
       483.065.910      branches                  #  395,141 M/sec                    ( +-  0,00% )
           942.375      branch-misses             #    0,20% of all branches          ( +-  0,05% )

           0,39172 +- 0,00108 seconds time elapsed  ( +-  0,28% )


 Performance counter stats for './mandelbrot_omp 0.175 0.375 -0.1 0.1 2048' (10 runs):

          4.770,83 msec task-clock                #    3,075 CPUs utilized            ( +-  0,08% )
                27      context-switches          #    0,006 K/sec                    ( +-  7,22% )
                 3      cpu-migrations            #    0,001 K/sec                    ( +- 18,31% )
                86      page-faults               #    0,018 K/sec                    ( +-  0,52% )
    14.796.089.836      cycles                    #    3,101 GHz                      ( +-  0,02% )
    16.678.826.499      instructions              #    1,13  insn per cycle           ( +-  0,00% )
     1.926.952.329      branches                  #  403,903 M/sec                    ( +-  0,00% )
         3.698.189      branch-misses             #    0,19% of all branches          ( +-  0,04% )

           1,55138 +- 0,00133 seconds time elapsed  ( +-  0,09% )


 Performance counter stats for './mandelbrot_omp 0.175 0.375 -0.1 0.1 4096' (10 runs):

         19.092,06 msec task-clock                #    3,088 CPUs utilized            ( +-  0,09% )
                71      context-switches          #    0,004 K/sec                    ( +-  5,61% )
                11      cpu-migrations            #    0,001 K/sec                    ( +- 13,44% )
                86      page-faults               #    0,004 K/sec                    ( +-  0,47% )
    58.737.951.761      cycles                    #    3,077 GHz                      ( +-  0,02% )
    66.678.438.070      instructions              #    1,14  insn per cycle           ( +-  0,00% )
     7.699.899.516      branches                  #  403,304 M/sec                    ( +-  0,00% )
        14.689.982      branch-misses             #    0,19% of all branches          ( +-  0,02% )

           6,18348 +- 0,00537 seconds time elapsed  ( +-  0,09% )


 Performance counter stats for './mandelbrot_omp 0.175 0.375 -0.1 0.1 8192' (10 runs):

         76.725,98 msec task-clock                #    3,098 CPUs utilized            ( +-  0,05% )
               221      context-switches          #    0,003 K/sec                    ( +-  6,38% )
                26      cpu-migrations            #    0,000 K/sec                    ( +- 10,74% )
                86      page-faults               #    0,001 K/sec                    ( +-  0,55% )
   234.490.482.628      cycles                    #    3,056 GHz                      ( +-  0,02% )
   266.672.156.748      instructions              #    1,14  insn per cycle           ( +-  0,00% )
    30.791.095.613      branches                  #  401,313 M/sec                    ( +-  0,00% )
        58.595.007      branch-misses             #    0,19% of all branches          ( +-  0,01% )

           24,7671 +- 0,0182 seconds time elapsed  ( +-  0,07% )

