
 Performance counter stats for './mandelbrot_omp 0.175 0.375 -0.1 0.1 16' (10 runs):

              2,02 msec task-clock                #    1,395 CPUs utilized            ( +- 13,70% )
                53      context-switches          #    0,026 M/sec                    ( +-  1,72% )
                18      cpu-migrations            #    0,009 M/sec                    ( +-  6,63% )
               111      page-faults               #    0,055 M/sec                    ( +-  0,45% )
         6.712.626      cycles                    #    3,315 GHz                      ( +- 13,62% )
         3.862.885      instructions              #    0,58  insn per cycle           ( +-  0,36% )
           705.980      branches                  #  348,642 M/sec                    ( +-  0,40% )
            18.421      branch-misses             #    2,61% of all branches          ( +-  1,91% )

          0,001451 +- 0,000259 seconds time elapsed  ( +- 17,83% )


 Performance counter stats for './mandelbrot_omp 0.175 0.375 -0.1 0.1 32' (10 runs):

              2,86 msec task-clock                #    1,963 CPUs utilized            ( +-  1,21% )
                53      context-switches          #    0,018 M/sec                    ( +-  1,72% )
                18      cpu-migrations            #    0,006 M/sec                    ( +-  9,05% )
               111      page-faults               #    0,039 M/sec                    ( +-  0,48% )
         9.121.740      cycles                    #    3,189 GHz                      ( +-  1,18% )
         6.947.550      instructions              #    0,76  insn per cycle           ( +-  0,22% )
         1.062.137      branches                  #  371,279 M/sec                    ( +-  0,33% )
            19.023      branch-misses             #    1,79% of all branches          ( +-  1,25% )

         0,0014573 +- 0,0000257 seconds time elapsed  ( +-  1,76% )


 Performance counter stats for './mandelbrot_omp 0.175 0.375 -0.1 0.1 64' (10 runs):

              7,04 msec task-clock                #    3,005 CPUs utilized            ( +-  0,78% )
                52      context-switches          #    0,007 M/sec                    ( +-  2,30% )
                18      cpu-migrations            #    0,003 M/sec                    ( +-  3,77% )
               112      page-faults               #    0,016 M/sec                    ( +-  0,38% )
        22.193.378      cycles                    #    3,151 GHz                      ( +-  0,79% )
        19.218.011      instructions              #    0,87  insn per cycle           ( +-  0,08% )
         2.480.039      branches                  #  352,079 M/sec                    ( +-  0,14% )
            22.210      branch-misses             #    0,90% of all branches          ( +-  1,45% )

         0,0023443 +- 0,0000467 seconds time elapsed  ( +-  1,99% )


 Performance counter stats for './mandelbrot_omp 0.175 0.375 -0.1 0.1 128' (10 runs):

             24,61 msec task-clock                #    4,744 CPUs utilized            ( +-  0,39% )
                50      context-switches          #    0,002 M/sec                    ( +-  3,85% )
                17      cpu-migrations            #    0,687 K/sec                    ( +-  6,20% )
               112      page-faults               #    0,005 M/sec                    ( +-  0,27% )
        75.753.151      cycles                    #    3,079 GHz                      ( +-  0,36% )
        68.200.956      instructions              #    0,90  insn per cycle           ( +-  0,04% )
         8.135.799      branches                  #  330,629 M/sec                    ( +-  0,07% )
            36.953      branch-misses             #    0,45% of all branches          ( +-  0,51% )

          0,005187 +- 0,000146 seconds time elapsed  ( +-  2,81% )


 Performance counter stats for './mandelbrot_omp 0.175 0.375 -0.1 0.1 256' (10 runs):

            100,71 msec task-clock                #    5,984 CPUs utilized            ( +-  0,48% )
                57      context-switches          #    0,568 K/sec                    ( +-  2,91% )
                21      cpu-migrations            #    0,211 K/sec                    ( +-  7,47% )
               112      page-faults               #    0,001 M/sec                    ( +-  0,38% )
       292.495.842      cycles                    #    2,904 GHz                      ( +-  0,34% )
       264.142.057      instructions              #    0,90  insn per cycle           ( +-  0,01% )
        30.781.094      branches                  #  305,634 M/sec                    ( +-  0,02% )
            85.836      branch-misses             #    0,28% of all branches          ( +-  0,45% )

          0,016831 +- 0,000192 seconds time elapsed  ( +-  1,14% )


 Performance counter stats for './mandelbrot_omp 0.175 0.375 -0.1 0.1 512' (10 runs):

            431,69 msec task-clock                #    6,734 CPUs utilized            ( +-  0,44% )
                69      context-switches          #    0,161 K/sec                    ( +-  3,61% )
                22      cpu-migrations            #    0,050 K/sec                    ( +-  6,55% )
               111      page-faults               #    0,257 K/sec                    ( +-  0,39% )
     1.156.023.108      cycles                    #    2,678 GHz                      ( +-  0,19% )
     1.046.149.370      instructions              #    0,90  insn per cycle           ( +-  0,00% )
       121.091.700      branches                  #  280,504 M/sec                    ( +-  0,01% )
           268.504      branch-misses             #    0,22% of all branches          ( +-  1,01% )

           0,06411 +- 0,00111 seconds time elapsed  ( +-  1,73% )


 Performance counter stats for './mandelbrot_omp 0.175 0.375 -0.1 0.1 1024' (10 runs):

          1.745,48 msec task-clock                #    7,058 CPUs utilized            ( +-  0,37% )
               144      context-switches          #    0,083 K/sec                    ( +-  2,82% )
                26      cpu-migrations            #    0,015 K/sec                    ( +-  3,89% )
               112      page-faults               #    0,064 K/sec                    ( +-  0,42% )
     4.608.343.003      cycles                    #    2,640 GHz                      ( +-  0,39% )
     4.173.332.757      instructions              #    0,91  insn per cycle           ( +-  0,00% )
       482.240.042      branches                  #  276,280 M/sec                    ( +-  0,00% )
           981.991      branch-misses             #    0,20% of all branches          ( +-  0,74% )

           0,24729 +- 0,00116 seconds time elapsed  ( +-  0,47% )


 Performance counter stats for './mandelbrot_omp 0.175 0.375 -0.1 0.1 2048' (10 runs):

          7.028,91 msec task-clock                #    7,324 CPUs utilized            ( +-  0,18% )
               415      context-switches          #    0,059 K/sec                    ( +-  2,65% )
                37      cpu-migrations            #    0,005 K/sec                    ( +-  4,99% )
               112      page-faults               #    0,016 K/sec                    ( +-  0,33% )
    18.359.300.194      cycles                    #    2,612 GHz                      ( +-  0,08% )
    16.678.340.653      instructions              #    0,91  insn per cycle           ( +-  0,00% )
     1.926.330.166      branches                  #  274,058 M/sec                    ( +-  0,00% )
         3.824.214      branch-misses             #    0,20% of all branches          ( +-  0,79% )

           0,95971 +- 0,00527 seconds time elapsed  ( +-  0,55% )


 Performance counter stats for './mandelbrot_omp 0.175 0.375 -0.1 0.1 4096' (10 runs):

         28.477,85 msec task-clock                #    7,537 CPUs utilized            ( +-  0,18% )
             1.589      context-switches          #    0,056 K/sec                    ( +-  0,79% )
                78      cpu-migrations            #    0,003 K/sec                    ( +-  3,57% )
               112      page-faults               #    0,004 K/sec                    ( +-  0,45% )
    73.651.713.631      cycles                    #    2,586 GHz                      ( +-  0,08% )
    66.690.464.457      instructions              #    0,91  insn per cycle           ( +-  0,00% )
     7.701.816.261      branches                  #  270,449 M/sec                    ( +-  0,00% )
        14.936.751      branch-misses             #    0,19% of all branches          ( +-  0,41% )

            3,7782 +- 0,0145 seconds time elapsed  ( +-  0,38% )


 Performance counter stats for './mandelbrot_omp 0.175 0.375 -0.1 0.1 8192' (10 runs):

        115.200,68 msec task-clock                #    7,728 CPUs utilized            ( +-  0,19% )
             6.283      context-switches          #    0,055 K/sec                    ( +-  0,86% )
               233      cpu-migrations            #    0,002 K/sec                    ( +-  3,72% )
               112      page-faults               #    0,001 K/sec                    ( +-  0,30% )
   295.807.225.292      cycles                    #    2,568 GHz                      ( +-  0,18% )
   266.733.617.869      instructions              #    0,90  insn per cycle           ( +-  0,00% )
    30.803.095.215      branches                  #  267,386 M/sec                    ( +-  0,00% )
        59.172.973      branch-misses             #    0,19% of all branches          ( +-  0,34% )

           14,9071 +- 0,0386 seconds time elapsed  ( +-  0,26% )

