
 Performance counter stats for './mandelbrot_omp -2.5 1.5 -2.0 2.0 16' (10 runs):

              1,16 msec task-clock                #    1,458 CPUs utilized            ( +-  2,50% )
                 0      context-switches          #    0,172 K/sec                    ( +-100,00% )
                 0      cpu-migrations            #    0,000 K/sec                  
                95      page-faults               #    0,082 M/sec                    ( +-  0,38% )
         4.605.334      cycles                    #    3,966 GHz                      ( +-  1,81% )
         1.968.190      instructions              #    0,43  insn per cycle           ( +-  0,25% )
           387.930      branches                  #  334,050 M/sec                    ( +-  0,26% )
            13.141      branch-misses             #    3,39% of all branches          ( +-  0,78% )

         0,0007964 +- 0,0000748 seconds time elapsed  ( +-  9,39% )


 Performance counter stats for './mandelbrot_omp -2.5 1.5 -2.0 2.0 32' (10 runs):

              1,65 msec task-clock                #    1,978 CPUs utilized            ( +-  1,02% )
                 0      context-switches          #    0,061 K/sec                    ( +-100,00% )
                 0      cpu-migrations            #    0,000 K/sec                  
                95      page-faults               #    0,058 M/sec                    ( +-  0,42% )
         5.966.937      cycles                    #    3,617 GHz                      ( +-  1,04% )
         2.499.290      instructions              #    0,42  insn per cycle           ( +-  0,25% )
           457.084      branches                  #  277,060 M/sec                    ( +-  0,29% )
            13.421      branch-misses             #    2,94% of all branches          ( +-  1,31% )

         0,0008340 +- 0,0000193 seconds time elapsed  ( +-  2,32% )


 Performance counter stats for './mandelbrot_omp -2.5 1.5 -2.0 2.0 64' (10 runs):

              3,48 msec task-clock                #    3,137 CPUs utilized            ( +-  0,82% )
                 0      context-switches          #    0,115 K/sec                    ( +- 76,38% )
                 0      cpu-migrations            #    0,000 K/sec                  
                94      page-faults               #    0,027 M/sec                    ( +-  0,36% )
        11.701.949      cycles                    #    3,359 GHz                      ( +-  0,85% )
         4.561.215      instructions              #    0,39  insn per cycle           ( +-  0,12% )
           726.119      branches                  #  208,412 M/sec                    ( +-  0,16% )
            14.199      branch-misses             #    1,96% of all branches          ( +-  1,61% )

         0,0011106 +- 0,0000150 seconds time elapsed  ( +-  1,35% )


 Performance counter stats for './mandelbrot_omp -2.5 1.5 -2.0 2.0 128' (10 runs):

             10,72 msec task-clock                #    5,158 CPUs utilized            ( +-  0,55% )
                 1      context-switches          #    0,112 K/sec                    ( +- 32,39% )
                 0      cpu-migrations            #    0,009 K/sec                    ( +-100,00% )
                94      page-faults               #    0,009 M/sec                    ( +-  0,45% )
        34.113.483      cycles                    #    3,182 GHz                      ( +-  0,55% )
        12.707.887      instructions              #    0,37  insn per cycle           ( +-  0,12% )
         1.790.140      branches                  #  166,962 M/sec                    ( +-  0,19% )
            18.759      branch-misses             #    1,05% of all branches          ( +-  1,43% )

         0,0020787 +- 0,0000158 seconds time elapsed  ( +-  0,76% )


 Performance counter stats for './mandelbrot_omp -2.5 1.5 -2.0 2.0 256' (10 runs):

             41,74 msec task-clock                #    6,964 CPUs utilized            ( +-  0,16% )
                 2      context-switches          #    0,038 K/sec                    ( +- 16,67% )
                 0      cpu-migrations            #    0,000 K/sec                  
                94      page-faults               #    0,002 M/sec                    ( +-  0,45% )
       124.716.730      cycles                    #    2,988 GHz                      ( +-  0,08% )
        45.311.244      instructions              #    0,36  insn per cycle           ( +-  0,02% )
         6.051.417      branches                  #  144,965 M/sec                    ( +-  0,05% )
            29.598      branch-misses             #    0,49% of all branches          ( +-  0,47% )

         0,0059944 +- 0,0000263 seconds time elapsed  ( +-  0,44% )


 Performance counter stats for './mandelbrot_omp -2.5 1.5 -2.0 2.0 512' (10 runs):

            159,67 msec task-clock                #    7,048 CPUs utilized            ( +-  0,61% )
                10      context-switches          #    0,061 K/sec                    ( +-  6,71% )
                 0      cpu-migrations            #    0,001 K/sec                    ( +-100,00% )
                94      page-faults               #    0,589 K/sec                    ( +-  0,33% )
       436.288.916      cycles                    #    2,732 GHz                      ( +-  0,03% )
       173.233.222      instructions              #    0,40  insn per cycle           ( +-  0,03% )
        22.431.322      branches                  #  140,485 M/sec                    ( +-  0,06% )
            64.664      branch-misses             #    0,29% of all branches          ( +-  0,34% )

          0,022655 +- 0,000150 seconds time elapsed  ( +-  0,66% )


 Performance counter stats for './mandelbrot_omp -2.5 1.5 -2.0 2.0 1024' (10 runs):

            313,37 msec task-clock                #    3,997 CPUs utilized            ( +-  2,05% )
                15      context-switches          #    0,049 K/sec                    ( +-  8,08% )
                 1      cpu-migrations            #    0,003 K/sec                    ( +- 36,32% )
                95      page-faults               #    0,302 K/sec                    ( +-  0,42% )
       923.621.231      cycles                    #    2,947 GHz                      ( +-  1,94% )
       651.162.237      instructions              #    0,71  insn per cycle           ( +-  0,11% )
        78.386.415      branches                  #  250,138 M/sec                    ( +-  0,27% )
           184.610      branch-misses             #    0,24% of all branches          ( +-  0,67% )

           0,07841 +- 0,00160 seconds time elapsed  ( +-  2,04% )


 Performance counter stats for './mandelbrot_omp -2.5 1.5 -2.0 2.0 2048' (10 runs):

            799,75 msec task-clock                #    2,909 CPUs utilized            ( +-  2,21% )
                21      context-switches          #    0,026 K/sec                    ( +- 14,95% )
                 1      cpu-migrations            #    0,002 K/sec                    ( +- 30,49% )
                95      page-faults               #    0,119 K/sec                    ( +-  0,28% )
     2.592.392.716      cycles                    #    3,242 GHz                      ( +-  0,68% )
     2.549.666.292      instructions              #    0,98  insn per cycle           ( +-  0,00% )
       298.619.830      branches                  #  373,393 M/sec                    ( +-  0,00% )
           639.088      branch-misses             #    0,21% of all branches          ( +-  1,66% )

           0,27494 +- 0,00504 seconds time elapsed  ( +-  1,83% )


 Performance counter stats for './mandelbrot_omp -2.5 1.5 -2.0 2.0 4096' (10 runs):

          2.778,66 msec task-clock                #    2,627 CPUs utilized            ( +-  1,47% )
                29      context-switches          #    0,011 K/sec                    ( +-  9,46% )
                 3      cpu-migrations            #    0,001 K/sec                    ( +- 27,10% )
                94      page-faults               #    0,034 K/sec                    ( +-  0,59% )
     9.186.208.984      cycles                    #    3,306 GHz                      ( +-  0,24% )
    10.145.659.321      instructions              #    1,10  insn per cycle           ( +-  0,00% )
     1.180.232.179      branches                  #  424,749 M/sec                    ( +-  0,00% )
         2.337.903      branch-misses             #    0,20% of all branches          ( +-  0,40% )

           1,05791 +- 0,00968 seconds time elapsed  ( +-  0,92% )


 Performance counter stats for './mandelbrot_omp -2.5 1.5 -2.0 2.0 8192' (10 runs):

         11.081,10 msec task-clock                #    2,671 CPUs utilized            ( +-  0,44% )
                76      context-switches          #    0,007 K/sec                    ( +- 16,53% )
                 9      cpu-migrations            #    0,001 K/sec                    ( +-  8,49% )
                95      page-faults               #    0,009 K/sec                    ( +-  0,39% )
    35.583.134.572      cycles                    #    3,211 GHz                      ( +-  0,04% )
    40.525.964.634      instructions              #    1,14  insn per cycle           ( +-  0,00% )
     4.706.270.044      branches                  #  424,711 M/sec                    ( +-  0,00% )
         9.230.007      branch-misses             #    0,20% of all branches          ( +-  0,52% )

           4,14888 +- 0,00882 seconds time elapsed  ( +-  0,21% )

