
 Performance counter stats for './mandelbrot_omp -0.8 -0.7 0.05 0.15 16' (10 runs):

              0,93 msec task-clock                #    0,749 CPUs utilized            ( +-  7,89% )
                 0      context-switches          #    0,107 K/sec                    ( +-100,00% )
                 0      cpu-migrations            #    0,000 K/sec                  
                79      page-faults               #    0,085 M/sec                    ( +-  0,37% )
         2.593.042      cycles                    #    2,785 GHz                      ( +-  7,87% )
         2.315.705      instructions              #    0,89  insn per cycle           ( +-  0,17% )
           370.546      branches                  #  397,910 M/sec                    ( +-  0,20% )
             9.687      branch-misses             #    2,61% of all branches          ( +-  0,36% )

          0,001243 +- 0,000111 seconds time elapsed  ( +-  8,90% )


 Performance counter stats for './mandelbrot_omp -0.8 -0.7 0.05 0.15 32' (10 runs):

              1,74 msec task-clock                #    0,874 CPUs utilized            ( +-  0,56% )
                 0      context-switches          #    0,000 K/sec                  
                 0      cpu-migrations            #    0,000 K/sec                  
                79      page-faults               #    0,045 M/sec                    ( +-  0,63% )
         5.188.066      cycles                    #    2,983 GHz                      ( +-  0,56% )
         5.547.011      instructions              #    1,07  insn per cycle           ( +-  0,08% )
           742.915      branches                  #  427,227 M/sec                    ( +-  0,11% )
            10.490      branch-misses             #    1,41% of all branches          ( +-  0,28% )

         0,0019887 +- 0,0000180 seconds time elapsed  ( +-  0,90% )


 Performance counter stats for './mandelbrot_omp -0.8 -0.7 0.05 0.15 64' (10 runs):

              5,20 msec task-clock                #    0,950 CPUs utilized            ( +-  0,44% )
                 0      context-switches          #    0,058 K/sec                    ( +- 50,92% )
                 0      cpu-migrations            #    0,000 K/sec                  
                79      page-faults               #    0,015 M/sec                    ( +-  0,57% )
        16.628.093      cycles                    #    3,200 GHz                      ( +-  0,18% )
        18.494.158      instructions              #    1,11  insn per cycle           ( +-  0,03% )
         2.238.199      branches                  #  430,711 M/sec                    ( +-  0,04% )
            13.728      branch-misses             #    0,61% of all branches          ( +-  0,38% )

         0,0054709 +- 0,0000362 seconds time elapsed  ( +-  0,66% )


 Performance counter stats for './mandelbrot_omp -0.8 -0.7 0.05 0.15 128' (10 runs):

             17,79 msec task-clock                #    0,986 CPUs utilized            ( +-  0,74% )
                 0      context-switches          #    0,006 K/sec                    ( +-100,00% )
                 0      cpu-migrations            #    0,000 K/sec                  
                79      page-faults               #    0,004 M/sec                    ( +-  0,42% )
        62.139.795      cycles                    #    3,493 GHz                      ( +-  0,04% )
        70.185.171      instructions              #    1,13  insn per cycle           ( +-  0,01% )
         8.206.539      branches                  #  461,345 M/sec                    ( +-  0,01% )
            26.165      branch-misses             #    0,32% of all branches          ( +-  0,30% )

          0,018032 +- 0,000142 seconds time elapsed  ( +-  0,79% )


 Performance counter stats for './mandelbrot_omp -0.8 -0.7 0.05 0.15 256' (10 runs):

             61,64 msec task-clock                #    0,996 CPUs utilized            ( +-  1,16% )
                 4      context-switches          #    0,070 K/sec                    ( +- 18,03% )
                 0      cpu-migrations            #    0,000 K/sec                  
                79      page-faults               #    0,001 M/sec                    ( +-  0,42% )
       244.914.260      cycles                    #    3,973 GHz                      ( +-  0,07% )
       277.098.845      instructions              #    1,13  insn per cycle           ( +-  0,00% )
        32.099.216      branches                  #  520,713 M/sec                    ( +-  0,01% )
            76.091      branch-misses             #    0,24% of all branches          ( +-  0,34% )

          0,061920 +- 0,000725 seconds time elapsed  ( +-  1,17% )


 Performance counter stats for './mandelbrot_omp -0.8 -0.7 0.05 0.15 512' (10 runs):

            227,94 msec task-clock                #    0,999 CPUs utilized            ( +-  0,73% )
                 2      context-switches          #    0,008 K/sec                    ( +- 44,00% )
                 0      cpu-migrations            #    0,000 K/sec                    ( +-100,00% )
                79      page-faults               #    0,347 K/sec                    ( +-  0,49% )
       974.661.217      cycles                    #    4,276 GHz                      ( +-  0,04% )
     1.104.200.498      instructions              #    1,13  insn per cycle           ( +-  0,00% )
       127.585.734      branches                  #  559,744 M/sec                    ( +-  0,00% )
           274.108      branch-misses             #    0,21% of all branches          ( +-  0,04% )

           0,22820 +- 0,00167 seconds time elapsed  ( +-  0,73% )


 Performance counter stats for './mandelbrot_omp -0.8 -0.7 0.05 0.15 1024' (10 runs):

            901,77 msec task-clock                #    1,000 CPUs utilized            ( +-  0,23% )
                 6      context-switches          #    0,007 K/sec                    ( +- 25,70% )
                 0      cpu-migrations            #    0,000 K/sec                    ( +- 55,28% )
                78      page-faults               #    0,087 K/sec                    ( +-  0,92% )
     3.891.781.880      cycles                    #    4,316 GHz                      ( +-  0,01% )
     4.411.615.928      instructions              #    1,13  insn per cycle           ( +-  0,00% )
       509.428.293      branches                  #  564,920 M/sec                    ( +-  0,00% )
         1.065.552      branch-misses             #    0,21% of all branches          ( +-  0,03% )

           0,90212 +- 0,00213 seconds time elapsed  ( +-  0,24% )


 Performance counter stats for './mandelbrot_omp -0.8 -0.7 0.05 0.15 2048' (10 runs):

          3.594,24 msec task-clock                #    1,000 CPUs utilized            ( +-  0,12% )
                14      context-switches          #    0,004 K/sec                    ( +- 20,70% )
                 1      cpu-migrations            #    0,000 K/sec                    ( +- 28,21% )
                78      page-faults               #    0,022 K/sec                    ( +-  0,53% )
    15.555.914.264      cycles                    #    4,328 GHz                      ( +-  0,01% )
    17.639.640.982      instructions              #    1,13  insn per cycle           ( +-  0,00% )
     2.036.592.504      branches                  #  566,627 M/sec                    ( +-  0,00% )
         4.228.691      branch-misses             #    0,21% of all branches          ( +-  0,02% )

           3,59465 +- 0,00430 seconds time elapsed  ( +-  0,12% )


 Performance counter stats for './mandelbrot_omp -0.8 -0.7 0.05 0.15 4096' (10 runs):

         14.412,86 msec task-clock                #    1,000 CPUs utilized            ( +-  0,24% )
                44      context-switches          #    0,003 K/sec                    ( +-  5,90% )
                 4      cpu-migrations            #    0,000 K/sec                    ( +- 18,69% )
                79      page-faults               #    0,005 K/sec                    ( +-  0,63% )
    62.225.939.492      cycles                    #    4,317 GHz                      ( +-  0,01% )
    70.551.419.089      instructions              #    1,13  insn per cycle           ( +-  0,00% )
     8.145.269.634      branches                  #  565,139 M/sec                    ( +-  0,00% )
        16.881.923      branch-misses             #    0,21% of all branches          ( +-  0,01% )

           14,4135 +- 0,0347 seconds time elapsed  ( +-  0,24% )


 Performance counter stats for './mandelbrot_omp -0.8 -0.7 0.05 0.15 8192' (10 runs):

         57.549,58 msec task-clock                #    1,000 CPUs utilized            ( +-  0,17% )
               201      context-switches          #    0,003 K/sec                    ( +- 10,27% )
                17      cpu-migrations            #    0,000 K/sec                    ( +- 12,62% )
                78      page-faults               #    0,001 K/sec                    ( +-  0,43% )
   248.865.625.355      cycles                    #    4,324 GHz                      ( +-  0,00% )
   282.192.107.899      instructions              #    1,13  insn per cycle           ( +-  0,00% )
    32.579.129.882      branches                  #  566,105 M/sec                    ( +-  0,00% )
        67.487.946      branch-misses             #    0,21% of all branches          ( +-  0,01% )

           57,5513 +- 0,0970 seconds time elapsed  ( +-  0,17% )

