
 Performance counter stats for './mandelbrot_omp -0.8 -0.7 0.05 0.15 16' (10 runs):

              1,11 msec task-clock                #    1,023 CPUs utilized            ( +- 19,17% )
                 0      context-switches          #    0,000 K/sec                  
                 0      cpu-migrations            #    0,000 K/sec                  
                86      page-faults               #    0,078 M/sec                    ( +-  0,56% )
         4.185.779      cycles                    #    3,768 GHz                      ( +- 19,44% )
         2.536.246      instructions              #    0,61  insn per cycle           ( +-  0,42% )
           418.671      branches                  #  376,890 M/sec                    ( +-  0,63% )
            11.784      branch-misses             #    2,81% of all branches          ( +-  0,62% )

          0,001086 +- 0,000315 seconds time elapsed  ( +- 28,97% )


 Performance counter stats for './mandelbrot_omp -0.8 -0.7 0.05 0.15 32' (10 runs):

              1,97 msec task-clock                #    1,483 CPUs utilized            ( +-  4,50% )
                 0      context-switches          #    0,051 K/sec                    ( +-100,00% )
                 0      cpu-migrations            #    0,000 K/sec                  
                86      page-faults               #    0,044 M/sec                    ( +-  0,27% )
         7.309.936      cycles                    #    3,703 GHz                      ( +-  4,27% )
         5.809.300      instructions              #    0,79  insn per cycle           ( +-  0,12% )
           801.183      branches                  #  405,804 M/sec                    ( +-  0,17% )
            12.433      branch-misses             #    1,55% of all branches          ( +-  1,02% )

          0,001332 +- 0,000212 seconds time elapsed  ( +- 15,88% )


 Performance counter stats for './mandelbrot_omp -0.8 -0.7 0.05 0.15 64' (10 runs):

              6,12 msec task-clock                #    2,919 CPUs utilized            ( +-  0,42% )
                 0      context-switches          #    0,033 K/sec                    ( +- 66,67% )
                 0      cpu-migrations            #    0,000 K/sec                  
                86      page-faults               #    0,014 M/sec                    ( +-  0,45% )
        20.905.405      cycles                    #    3,415 GHz                      ( +-  0,23% )
        18.866.828      instructions              #    0,90  insn per cycle           ( +-  0,02% )
         2.329.084      branches                  #  380,442 M/sec                    ( +-  0,03% )
            15.810      branch-misses             #    0,68% of all branches          ( +-  0,67% )

         0,0020974 +- 0,0000113 seconds time elapsed  ( +-  0,54% )


 Performance counter stats for './mandelbrot_omp -0.8 -0.7 0.05 0.15 128' (10 runs):

             25,49 msec task-clock                #    3,482 CPUs utilized            ( +-  1,16% )
                 1      context-switches          #    0,043 K/sec                    ( +- 34,42% )
                 0      cpu-migrations            #    0,000 K/sec                  
                86      page-faults               #    0,003 M/sec                    ( +-  0,54% )
        80.230.282      cycles                    #    3,147 GHz                      ( +-  1,34% )
        71.109.110      instructions              #    0,89  insn per cycle           ( +-  0,02% )
         8.452.535      branches                  #  331,540 M/sec                    ( +-  0,05% )
            29.422      branch-misses             #    0,35% of all branches          ( +-  0,39% )

          0,007322 +- 0,000211 seconds time elapsed  ( +-  2,89% )


 Performance counter stats for './mandelbrot_omp -0.8 -0.7 0.05 0.15 256' (10 runs):

            103,67 msec task-clock                #    3,879 CPUs utilized            ( +-  1,46% )
                 4      context-switches          #    0,037 K/sec                    ( +-  9,45% )
                 0      cpu-migrations            #    0,003 K/sec                    ( +- 50,92% )
                86      page-faults               #    0,832 K/sec                    ( +-  0,18% )
       308.249.651      cycles                    #    2,973 GHz                      ( +-  0,90% )
       280.080.677      instructions              #    0,91  insn per cycle           ( +-  0,02% )
        32.926.917      branches                  #  317,598 M/sec                    ( +-  0,05% )
            80.602      branch-misses             #    0,24% of all branches          ( +-  0,15% )

          0,026727 +- 0,000390 seconds time elapsed  ( +-  1,46% )


 Performance counter stats for './mandelbrot_omp -0.8 -0.7 0.05 0.15 512' (10 runs):

            365,69 msec task-clock                #    3,580 CPUs utilized            ( +-  0,65% )
                10      context-switches          #    0,028 K/sec                    ( +- 14,04% )
                 1      cpu-migrations            #    0,002 K/sec                    ( +- 36,85% )
                86      page-faults               #    0,235 K/sec                    ( +-  0,50% )
     1.090.424.618      cycles                    #    2,982 GHz                      ( +-  0,05% )
     1.109.578.794      instructions              #    1,02  insn per cycle           ( +-  0,02% )
       129.086.703      branches                  #  352,994 M/sec                    ( +-  0,05% )
           280.553      branch-misses             #    0,22% of all branches          ( +-  0,03% )

          0,102160 +- 0,000640 seconds time elapsed  ( +-  0,63% )


 Performance counter stats for './mandelbrot_omp -0.8 -0.7 0.05 0.15 1024' (10 runs):

          1.320,50 msec task-clock                #    3,333 CPUs utilized            ( +-  0,98% )
                18      context-switches          #    0,013 K/sec                    ( +-  8,93% )
                 1      cpu-migrations            #    0,001 K/sec                    ( +- 11,66% )
                86      page-faults               #    0,065 K/sec                    ( +-  0,49% )
     4.034.370.025      cycles                    #    3,055 GHz                      ( +-  0,02% )
     4.418.662.918      instructions              #    1,10  insn per cycle           ( +-  0,00% )
       511.382.500      branches                  #  387,265 M/sec                    ( +-  0,00% )
         1.075.565      branch-misses             #    0,21% of all branches          ( +-  0,03% )

           0,39618 +- 0,00361 seconds time elapsed  ( +-  0,91% )


 Performance counter stats for './mandelbrot_omp -0.8 -0.7 0.05 0.15 2048' (10 runs):

          5.191,43 msec task-clock                #    3,270 CPUs utilized            ( +-  0,21% )
                34      context-switches          #    0,006 K/sec                    ( +-  8,76% )
                 5      cpu-migrations            #    0,001 K/sec                    ( +- 18,39% )
                85      page-faults               #    0,016 K/sec                    ( +-  0,64% )
    15.713.483.713      cycles                    #    3,027 GHz                      ( +-  0,03% )
    17.648.004.078      instructions              #    1,12  insn per cycle           ( +-  0,00% )
     2.038.816.056      branches                  #  392,727 M/sec                    ( +-  0,00% )
         4.252.304      branch-misses             #    0,21% of all branches          ( +-  0,03% )

           1,58761 +- 0,00250 seconds time elapsed  ( +-  0,16% )


 Performance counter stats for './mandelbrot_omp -0.8 -0.7 0.05 0.15 4096' (10 runs):

         20.925,79 msec task-clock                #    3,297 CPUs utilized            ( +-  0,07% )
                75      context-switches          #    0,004 K/sec                    ( +-  6,40% )
                11      cpu-migrations            #    0,001 K/sec                    ( +- 11,01% )
                86      page-faults               #    0,004 K/sec                    ( +-  0,31% )
    62.406.439.342      cycles                    #    2,982 GHz                      ( +-  0,01% )
    70.563.944.735      instructions              #    1,13  insn per cycle           ( +-  0,00% )
     8.148.331.284      branches                  #  389,392 M/sec                    ( +-  0,00% )
        16.943.894      branch-misses             #    0,21% of all branches          ( +-  0,01% )

           6,34779 +- 0,00388 seconds time elapsed  ( +-  0,06% )


 Performance counter stats for './mandelbrot_omp -0.8 -0.7 0.05 0.15 8192' (10 runs):

         84.246,66 msec task-clock                #    3,321 CPUs utilized            ( +-  0,03% )
               226      context-switches          #    0,003 K/sec                    ( +-  4,58% )
                33      cpu-migrations            #    0,000 K/sec                    ( +-  7,99% )
                86      page-faults               #    0,001 K/sec                    ( +-  0,53% )
   249.143.955.294      cycles                    #    2,957 GHz                      ( +-  0,00% )
   282.221.819.796      instructions              #    1,13  insn per cycle           ( +-  0,00% )
    32.585.668.405      branches                  #  386,789 M/sec                    ( +-  0,00% )
        67.694.794      branch-misses             #    0,21% of all branches          ( +-  0,00% )

          25,36484 +- 0,00915 seconds time elapsed  ( +-  0,04% )

