
 Performance counter stats for './mandelbrot_omp -0.8 -0.7 0.05 0.15 16' (10 runs):

              1,66 msec task-clock                #    1,436 CPUs utilized            ( +-  1,62% )
                45      context-switches          #    0,027 M/sec                    ( +-  5,64% )
                17      cpu-migrations            #    0,010 M/sec                    ( +-  6,97% )
               112      page-faults               #    0,067 M/sec                    ( +-  0,47% )
         5.652.242      cycles                    #    3,413 GHz                      ( +-  1,49% )
         3.821.763      instructions              #    0,68  insn per cycle           ( +-  0,72% )
           693.099      branches                  #  418,511 M/sec                    ( +-  0,90% )
            18.229      branch-misses             #    2,63% of all branches          ( +-  1,74% )

         0,0011533 +- 0,0000280 seconds time elapsed  ( +-  2,43% )


 Performance counter stats for './mandelbrot_omp -0.8 -0.7 0.05 0.15 32' (10 runs):

              2,79 msec task-clock                #    1,932 CPUs utilized            ( +-  1,63% )
                50      context-switches          #    0,018 M/sec                    ( +-  3,96% )
                18      cpu-migrations            #    0,007 M/sec                    ( +-  6,04% )
               112      page-faults               #    0,040 M/sec                    ( +-  0,22% )
         9.166.779      cycles                    #    3,290 GHz                      ( +-  1,61% )
         7.123.652      instructions              #    0,78  insn per cycle           ( +-  0,38% )
         1.080.904      branches                  #  387,925 M/sec                    ( +-  0,56% )
            18.902      branch-misses             #    1,75% of all branches          ( +-  1,82% )

         0,0014425 +- 0,0000255 seconds time elapsed  ( +-  1,77% )


 Performance counter stats for './mandelbrot_omp -0.8 -0.7 0.05 0.15 64' (10 runs):

              7,08 msec task-clock                #    3,070 CPUs utilized            ( +-  0,81% )
                52      context-switches          #    0,007 M/sec                    ( +-  1,83% )
                20      cpu-migrations            #    0,003 M/sec                    ( +-  6,05% )
               112      page-faults               #    0,016 M/sec                    ( +-  0,30% )
        22.984.564      cycles                    #    3,249 GHz                      ( +-  0,81% )
        20.092.174      instructions              #    0,87  insn per cycle           ( +-  0,09% )
         2.581.417      branches                  #  364,849 M/sec                    ( +-  0,14% )
            23.180      branch-misses             #    0,90% of all branches          ( +-  1,13% )

         0,0023045 +- 0,0000480 seconds time elapsed  ( +-  2,08% )


 Performance counter stats for './mandelbrot_omp -0.8 -0.7 0.05 0.15 128' (10 runs):

             25,46 msec task-clock                #    4,358 CPUs utilized            ( +-  0,85% )
                50      context-switches          #    0,002 M/sec                    ( +-  3,77% )
                18      cpu-migrations            #    0,687 K/sec                    ( +-  8,82% )
               112      page-faults               #    0,004 M/sec                    ( +-  0,37% )
        78.539.920      cycles                    #    3,085 GHz                      ( +-  1,09% )
        71.831.380      instructions              #    0,91  insn per cycle           ( +-  0,04% )
         8.556.438      branches                  #  336,116 M/sec                    ( +-  0,07% )
            39.297      branch-misses             #    0,46% of all branches          ( +-  0,81% )

          0,005841 +- 0,000129 seconds time elapsed  ( +-  2,20% )


 Performance counter stats for './mandelbrot_omp -0.8 -0.7 0.05 0.15 256' (10 runs):

            100,74 msec task-clock                #    5,739 CPUs utilized            ( +-  0,53% )
                59      context-switches          #    0,586 K/sec                    ( +-  1,86% )
                23      cpu-migrations            #    0,233 K/sec                    ( +-  6,13% )
               112      page-faults               #    0,001 M/sec                    ( +-  0,33% )
       306.511.693      cycles                    #    3,042 GHz                      ( +-  0,28% )
       278.994.075      instructions              #    0,91  insn per cycle           ( +-  0,00% )
        32.498.476      branches                  #  322,585 M/sec                    ( +-  0,01% )
            94.103      branch-misses             #    0,29% of all branches          ( +-  0,23% )

          0,017553 +- 0,000397 seconds time elapsed  ( +-  2,26% )


 Performance counter stats for './mandelbrot_omp -0.8 -0.7 0.05 0.15 512' (10 runs):

            441,67 msec task-clock                #    6,587 CPUs utilized            ( +-  0,96% )
                65      context-switches          #    0,147 K/sec                    ( +-  2,95% )
                21      cpu-migrations            #    0,047 K/sec                    ( +-  2,89% )
               111      page-faults               #    0,252 K/sec                    ( +-  0,34% )
     1.211.494.159      cycles                    #    2,743 GHz                      ( +-  0,33% )
     1.106.435.528      instructions              #    0,91  insn per cycle           ( +-  0,00% )
       128.048.591      branches                  #  289,920 M/sec                    ( +-  0,01% )
           298.761      branch-misses             #    0,23% of all branches          ( +-  0,15% )

           0,06705 +- 0,00122 seconds time elapsed  ( +-  1,82% )


 Performance counter stats for './mandelbrot_omp -0.8 -0.7 0.05 0.15 1024' (10 runs):

          1.841,97 msec task-clock                #    7,157 CPUs utilized            ( +-  0,96% )
               129      context-switches          #    0,070 K/sec                    ( +-  1,88% )
                24      cpu-migrations            #    0,013 K/sec                    ( +-  5,03% )
               112      page-faults               #    0,061 K/sec                    ( +-  0,31% )
     4.881.875.499      cycles                    #    2,650 GHz                      ( +-  0,37% )
     4.415.013.034      instructions              #    0,90  insn per cycle           ( +-  0,00% )
       510.122.931      branches                  #  276,944 M/sec                    ( +-  0,00% )
         1.105.029      branch-misses             #    0,22% of all branches          ( +-  0,05% )

           0,25737 +- 0,00191 seconds time elapsed  ( +-  0,74% )


 Performance counter stats for './mandelbrot_omp -0.8 -0.7 0.05 0.15 2048' (10 runs):

          7.502,73 msec task-clock                #    7,443 CPUs utilized            ( +-  0,43% )
               456      context-switches          #    0,061 K/sec                    ( +-  4,28% )
                35      cpu-migrations            #    0,005 K/sec                    ( +-  5,40% )
               112      page-faults               #    0,015 K/sec                    ( +-  0,38% )
    19.537.620.199      cycles                    #    2,604 GHz                      ( +-  0,13% )
    17.647.638.416      instructions              #    0,90  insn per cycle           ( +-  0,00% )
     2.038.218.331      branches                  #  271,663 M/sec                    ( +-  0,00% )
         4.310.573      branch-misses             #    0,21% of all branches          ( +-  0,07% )

           1,00805 +- 0,00509 seconds time elapsed  ( +-  0,50% )


 Performance counter stats for './mandelbrot_omp -0.8 -0.7 0.05 0.15 4096' (10 runs):

         30.403,42 msec task-clock                #    7,625 CPUs utilized            ( +-  0,13% )
             1.826      context-switches          #    0,060 K/sec                    ( +-  1,68% )
                71      cpu-migrations            #    0,002 K/sec                    ( +-  4,08% )
               112      page-faults               #    0,004 K/sec                    ( +-  0,44% )
    78.280.126.895      cycles                    #    2,575 GHz                      ( +-  0,10% )
    70.576.685.608      instructions              #    0,90  insn per cycle           ( +-  0,00% )
     8.150.405.921      branches                  #  268,075 M/sec                    ( +-  0,00% )
        17.086.730      branch-misses             #    0,21% of all branches          ( +-  0,03% )

            3,9875 +- 0,0142 seconds time elapsed  ( +-  0,36% )


 Performance counter stats for './mandelbrot_omp -0.8 -0.7 0.05 0.15 8192' (10 runs):

        122.124,14 msec task-clock                #    7,708 CPUs utilized            ( +-  0,10% )
             7.347      context-switches          #    0,060 K/sec                    ( +-  0,47% )
               211      cpu-migrations            #    0,002 K/sec                    ( +-  1,95% )
               112      page-faults               #    0,001 K/sec                    ( +-  0,38% )
   313.299.912.331      cycles                    #    2,565 GHz                      ( +-  0,06% )
   282.285.602.060      instructions              #    0,90  insn per cycle           ( +-  0,00% )
    32.598.206.366      branches                  #  266,927 M/sec                    ( +-  0,00% )
        68.101.096      branch-misses             #    0,21% of all branches          ( +-  0,01% )

           15,8442 +- 0,0245 seconds time elapsed  ( +-  0,15% )

