
 Performance counter stats for './mandelbrot_omp -0.8 -0.7 0.05 0.15 16' (10 runs):

              3,48 msec task-clock                #    1,355 CPUs utilized            ( +-  8,88% )
               114      context-switches          #    0,033 M/sec                    ( +-  3,53% )
                34      cpu-migrations            #    0,010 M/sec                    ( +-  7,28% )
               146      page-faults               #    0,042 M/sec                    ( +-  0,27% )
        10.385.878      cycles                    #    2,985 GHz                      ( +-  8,43% )
         5.632.148      instructions              #    0,54  insn per cycle           ( +-  0,81% )
         1.086.964      branches                  #  312,404 M/sec                    ( +-  0,98% )
            25.003      branch-misses             #    2,30% of all branches          ( +-  1,48% )

          0,002567 +- 0,000295 seconds time elapsed  ( +- 11,50% )


 Performance counter stats for './mandelbrot_omp -0.8 -0.7 0.05 0.15 32' (10 runs):

              4,23 msec task-clock                #    2,013 CPUs utilized            ( +-  1,00% )
               117      context-switches          #    0,028 M/sec                    ( +-  2,78% )
                39      cpu-migrations            #    0,009 M/sec                    ( +-  5,60% )
               146      page-faults               #    0,035 M/sec                    ( +-  0,30% )
        12.821.597      cycles                    #    3,035 GHz                      ( +-  0,63% )
         8.889.305      instructions              #    0,69  insn per cycle           ( +-  0,28% )
         1.464.979      branches                  #  346,737 M/sec                    ( +-  0,40% )
            25.286      branch-misses             #    1,73% of all branches          ( +-  0,91% )

         0,0020984 +- 0,0000275 seconds time elapsed  ( +-  1,31% )


 Performance counter stats for './mandelbrot_omp -0.8 -0.7 0.05 0.15 64' (10 runs):

              8,47 msec task-clock                #    2,841 CPUs utilized            ( +-  1,19% )
               114      context-switches          #    0,013 M/sec                    ( +-  3,62% )
                33      cpu-migrations            #    0,004 M/sec                    ( +-  6,06% )
               145      page-faults               #    0,017 M/sec                    ( +-  0,21% )
        26.425.481      cycles                    #    3,121 GHz                      ( +-  1,14% )
        21.833.008      instructions              #    0,83  insn per cycle           ( +-  0,24% )
         2.956.760      branches                  #  349,197 M/sec                    ( +-  0,40% )
            28.568      branch-misses             #    0,97% of all branches          ( +-  2,02% )

         0,0029800 +- 0,0000951 seconds time elapsed  ( +-  3,19% )


 Performance counter stats for './mandelbrot_omp -0.8 -0.7 0.05 0.15 128' (10 runs):

             27,27 msec task-clock                #    4,298 CPUs utilized            ( +-  0,50% )
               117      context-switches          #    0,004 M/sec                    ( +-  2,96% )
                38      cpu-migrations            #    0,001 M/sec                    ( +-  6,82% )
               146      page-faults               #    0,005 M/sec                    ( +-  0,22% )
        83.771.524      cycles                    #    3,072 GHz                      ( +-  0,49% )
        73.752.849      instructions              #    0,88  insn per cycle           ( +-  0,08% )
         8.968.916      branches                  #  328,864 M/sec                    ( +-  0,14% )
            44.876      branch-misses             #    0,50% of all branches          ( +-  1,25% )

          0,006346 +- 0,000201 seconds time elapsed  ( +-  3,17% )


 Performance counter stats for './mandelbrot_omp -0.8 -0.7 0.05 0.15 256' (10 runs):

            105,11 msec task-clock                #    5,909 CPUs utilized            ( +-  0,87% )
               122      context-switches          #    0,001 M/sec                    ( +-  2,09% )
                42      cpu-migrations            #    0,396 K/sec                    ( +-  5,71% )
               146      page-faults               #    0,001 M/sec                    ( +-  0,34% )
       310.936.798      cycles                    #    2,958 GHz                      ( +-  0,70% )
       280.955.269      instructions              #    0,90  insn per cycle           ( +-  0,02% )
        32.913.411      branches                  #  313,138 M/sec                    ( +-  0,04% )
           105.278      branch-misses             #    0,32% of all branches          ( +-  0,46% )

          0,017787 +- 0,000276 seconds time elapsed  ( +-  1,55% )


 Performance counter stats for './mandelbrot_omp -0.8 -0.7 0.05 0.15 512' (10 runs):

            449,15 msec task-clock                #    6,339 CPUs utilized            ( +-  0,95% )
               144      context-switches          #    0,321 K/sec                    ( +-  2,02% )
                52      cpu-migrations            #    0,115 K/sec                    ( +-  3,14% )
               145      page-faults               #    0,324 K/sec                    ( +-  0,31% )
     1.235.950.625      cycles                    #    2,752 GHz                      ( +-  0,23% )
     1.108.773.124      instructions              #    0,90  insn per cycle           ( +-  0,00% )
       128.540.285      branches                  #  286,184 M/sec                    ( +-  0,01% )
           317.433      branch-misses             #    0,25% of all branches          ( +-  0,19% )

           0,07086 +- 0,00136 seconds time elapsed  ( +-  1,92% )


 Performance counter stats for './mandelbrot_omp -0.8 -0.7 0.05 0.15 1024' (10 runs):

          1.911,47 msec task-clock                #    7,451 CPUs utilized            ( +-  0,33% )
               236      context-switches          #    0,124 K/sec                    ( +-  3,69% )
                57      cpu-migrations            #    0,030 K/sec                    ( +-  4,78% )
               146      page-faults               #    0,076 K/sec                    ( +-  0,17% )
     4.969.036.299      cycles                    #    2,600 GHz                      ( +-  0,12% )
     4.417.722.925      instructions              #    0,89  insn per cycle           ( +-  0,00% )
       510.684.405      branches                  #  267,169 M/sec                    ( +-  0,00% )
         1.133.779      branch-misses             #    0,22% of all branches          ( +-  0,10% )

           0,25655 +- 0,00285 seconds time elapsed  ( +-  1,11% )


 Performance counter stats for './mandelbrot_omp -0.8 -0.7 0.05 0.15 2048' (10 runs):

          7.680,78 msec task-clock                #    7,693 CPUs utilized            ( +-  0,14% )
               850      context-switches          #    0,111 K/sec                    ( +-  2,36% )
                79      cpu-migrations            #    0,010 K/sec                    ( +-  4,55% )
               145      page-faults               #    0,019 K/sec                    ( +-  0,31% )
    19.884.518.674      cycles                    #    2,589 GHz                      ( +-  0,08% )
    17.651.579.708      instructions              #    0,89  insn per cycle           ( +-  0,00% )
     2.039.029.938      branches                  #  265,472 M/sec                    ( +-  0,00% )
         4.355.429      branch-misses             #    0,21% of all branches          ( +-  0,03% )

           0,99844 +- 0,00154 seconds time elapsed  ( +-  0,15% )


 Performance counter stats for './mandelbrot_omp -0.8 -0.7 0.05 0.15 4096' (10 runs):

         31.104,82 msec task-clock                #    7,857 CPUs utilized            ( +-  0,08% )
             3.855      context-switches          #    0,124 K/sec                    ( +-  1,08% )
               173      cpu-migrations            #    0,006 K/sec                    ( +-  3,21% )
               146      page-faults               #    0,005 K/sec                    ( +-  0,32% )
    79.725.019.556      cycles                    #    2,563 GHz                      ( +-  0,08% )
    70.587.232.051      instructions              #    0,89  insn per cycle           ( +-  0,00% )
     8.152.666.128      branches                  #  262,103 M/sec                    ( +-  0,00% )
        17.205.331      branch-misses             #    0,21% of all branches          ( +-  0,03% )

           3,95876 +- 0,00597 seconds time elapsed  ( +-  0,15% )


 Performance counter stats for './mandelbrot_omp -0.8 -0.7 0.05 0.15 8192' (10 runs):

        124.712,48 msec task-clock                #    7,911 CPUs utilized            ( +-  0,04% )
            15.635      context-switches          #    0,125 K/sec                    ( +-  0,40% )
               515      cpu-migrations            #    0,004 K/sec                    ( +-  2,29% )
               145      page-faults               #    0,001 K/sec                    ( +-  0,29% )
   318.938.370.350      cycles                    #    2,557 GHz                      ( +-  0,02% )
   282.317.636.804      instructions              #    0,89  insn per cycle           ( +-  0,00% )
    32.605.228.460      branches                  #  261,443 M/sec                    ( +-  0,00% )
        68.410.295      branch-misses             #    0,21% of all branches          ( +-  0,01% )

           15,7651 +- 0,0187 seconds time elapsed  ( +-  0,12% )

