
 Performance counter stats for './mandelbrot_omp -0.8 -0.7 0.05 0.15 16' (10 runs):

              0,64 msec task-clock                #    0,936 CPUs utilized            ( +-  1,48% )
                 0      context-switches          #    0,000 K/sec                  
                 0      cpu-migrations            #    0,000 K/sec                  
                82      page-faults               #    0,127 M/sec                    ( +-  0,65% )
         2.611.180      cycles                    #    4,068 GHz                      ( +-  1,47% )
         2.384.601      instructions              #    0,91  insn per cycle           ( +-  0,16% )
           385.572      branches                  #  600,670 M/sec                    ( +-  0,19% )
            10.519      branch-misses             #    2,73% of all branches          ( +-  1,00% )

         0,0006859 +- 0,0000174 seconds time elapsed  ( +-  2,54% )


 Performance counter stats for './mandelbrot_omp -0.8 -0.7 0.05 0.15 32' (10 runs):

              1,86 msec task-clock                #    1,235 CPUs utilized            ( +- 10,57% )
                 0      context-switches          #    0,107 K/sec                    ( +- 66,67% )
                 0      cpu-migrations            #    0,054 K/sec                    ( +-100,00% )
                82      page-faults               #    0,044 M/sec                    ( +-  0,44% )
         6.959.376      cycles                    #    3,735 GHz                      ( +- 10,05% )
         5.644.632      instructions              #    0,81  insn per cycle           ( +-  0,07% )
           765.509      branches                  #  410,796 M/sec                    ( +-  0,12% )
            11.317      branch-misses             #    1,48% of all branches          ( +-  0,34% )

          0,001509 +- 0,000217 seconds time elapsed  ( +- 14,36% )


 Performance counter stats for './mandelbrot_omp -0.8 -0.7 0.05 0.15 64' (10 runs):

              5,44 msec task-clock                #    1,728 CPUs utilized            ( +-  0,21% )
                 0      context-switches          #    0,074 K/sec                    ( +- 40,82% )
                 0      cpu-migrations            #    0,000 K/sec                  
                81      page-faults               #    0,015 M/sec                    ( +-  0,52% )
        18.963.586      cycles                    #    3,485 GHz                      ( +-  0,18% )
        18.655.497      instructions              #    0,98  insn per cycle           ( +-  0,02% )
         2.279.549      branches                  #  418,926 M/sec                    ( +-  0,03% )
            14.956      branch-misses             #    0,66% of all branches          ( +-  0,16% )

         0,0031482 +- 0,0000183 seconds time elapsed  ( +-  0,58% )


 Performance counter stats for './mandelbrot_omp -0.8 -0.7 0.05 0.15 128' (10 runs):

             21,85 msec task-clock                #    1,891 CPUs utilized            ( +-  1,04% )
                 1      context-switches          #    0,032 K/sec                    ( +- 42,86% )
                 0      cpu-migrations            #    0,000 K/sec                  
                81      page-faults               #    0,004 M/sec                    ( +-  0,61% )
        72.523.357      cycles                    #    3,319 GHz                      ( +-  0,97% )
        70.671.962      instructions              #    0,97  insn per cycle           ( +-  0,01% )
         8.340.340      branches                  #  381,676 M/sec                    ( +-  0,02% )
            27.543      branch-misses             #    0,33% of all branches          ( +-  0,60% )

          0,011559 +- 0,000236 seconds time elapsed  ( +-  2,04% )


 Performance counter stats for './mandelbrot_omp -0.8 -0.7 0.05 0.15 256' (10 runs):

             81,17 msec task-clock                #    1,968 CPUs utilized            ( +-  0,14% )
                 4      context-switches          #    0,054 K/sec                    ( +- 19,81% )
                 0      cpu-migrations            #    0,001 K/sec                    ( +-100,00% )
                82      page-faults               #    0,001 M/sec                    ( +-  0,51% )
       283.320.251      cycles                    #    3,490 GHz                      ( +-  0,12% )
       278.906.120      instructions              #    0,98  insn per cycle           ( +-  0,01% )
        32.605.794      branches                  #  401,677 M/sec                    ( +-  0,01% )
            78.176      branch-misses             #    0,24% of all branches          ( +-  0,18% )

          0,041252 +- 0,000189 seconds time elapsed  ( +-  0,46% )


 Performance counter stats for './mandelbrot_omp -0.8 -0.7 0.05 0.15 512' (10 runs):

            280,35 msec task-clock                #    1,808 CPUs utilized            ( +-  0,67% )
                 4      context-switches          #    0,015 K/sec                    ( +- 35,02% )
                 0      cpu-migrations            #    0,001 K/sec                    ( +- 55,28% )
                82      page-faults               #    0,291 K/sec                    ( +-  0,48% )
     1.021.638.702      cycles                    #    3,644 GHz                      ( +-  0,03% )
     1.106.458.720      instructions              #    1,08  insn per cycle           ( +-  0,00% )
       128.219.380      branches                  #  457,363 M/sec                    ( +-  0,00% )
           276.790      branch-misses             #    0,22% of all branches          ( +-  0,10% )

           0,15510 +- 0,00104 seconds time elapsed  ( +-  0,67% )


 Performance counter stats for './mandelbrot_omp -0.8 -0.7 0.05 0.15 1024' (10 runs):

          1.048,39 msec task-clock                #    1,749 CPUs utilized            ( +-  0,16% )
                14      context-switches          #    0,014 K/sec                    ( +- 24,07% )
                 1      cpu-migrations            #    0,001 K/sec                    ( +- 32,39% )
                81      page-faults               #    0,078 K/sec                    ( +-  0,49% )
     3.939.816.656      cycles                    #    3,758 GHz                      ( +-  0,02% )
     4.413.997.150      instructions              #    1,12  insn per cycle           ( +-  0,00% )
       510.089.787      branches                  #  486,545 M/sec                    ( +-  0,00% )
         1.070.024      branch-misses             #    0,21% of all branches          ( +-  0,05% )

          0,599394 +- 0,000957 seconds time elapsed  ( +-  0,16% )


 Performance counter stats for './mandelbrot_omp -0.8 -0.7 0.05 0.15 2048' (10 runs):

          4.152,84 msec task-clock                #    1,747 CPUs utilized            ( +-  0,24% )
                17      context-switches          #    0,004 K/sec                    ( +-  9,53% )
                 2      cpu-migrations            #    0,000 K/sec                    ( +- 24,72% )
                82      page-faults               #    0,020 K/sec                    ( +-  0,61% )
    15.607.191.500      cycles                    #    3,758 GHz                      ( +-  0,01% )
    17.642.367.735      instructions              #    1,13  insn per cycle           ( +-  0,00% )
     2.037.324.726      branches                  #  490,586 M/sec                    ( +-  0,00% )
         4.235.667      branch-misses             #    0,21% of all branches          ( +-  0,01% )

           2,37723 +- 0,00545 seconds time elapsed  ( +-  0,23% )


 Performance counter stats for './mandelbrot_omp -0.8 -0.7 0.05 0.15 4096' (10 runs):

         16.621,45 msec task-clock                #    1,758 CPUs utilized            ( +-  0,07% )
                68      context-switches          #    0,004 K/sec                    ( +-  8,97% )
                 4      cpu-migrations            #    0,000 K/sec                    ( +- 17,92% )
                82      page-faults               #    0,005 K/sec                    ( +-  0,55% )
    62.266.180.221      cycles                    #    3,746 GHz                      ( +-  0,00% )
    70.555.200.086      instructions              #    1,13  insn per cycle           ( +-  0,00% )
     8.146.232.022      branches                  #  490,104 M/sec                    ( +-  0,00% )
        16.899.761      branch-misses             #    0,21% of all branches          ( +-  0,00% )

           9,45502 +- 0,00789 seconds time elapsed  ( +-  0,08% )


 Performance counter stats for './mandelbrot_omp -0.8 -0.7 0.05 0.15 8192' (10 runs):

         66.936,95 msec task-clock                #    1,760 CPUs utilized            ( +-  0,09% )
               161      context-switches          #    0,002 K/sec                    ( +- 10,17% )
                12      cpu-migrations            #    0,000 K/sec                    ( +- 17,66% )
                82      page-faults               #    0,001 K/sec                    ( +-  0,36% )
   248.915.590.341      cycles                    #    3,719 GHz                      ( +-  0,00% )
   282.201.428.609      instructions              #    1,13  insn per cycle           ( +-  0,00% )
    32.581.244.631      branches                  #  486,745 M/sec                    ( +-  0,00% )
        67.550.050      branch-misses             #    0,21% of all branches          ( +-  0,01% )

           38,0282 +- 0,0536 seconds time elapsed  ( +-  0,14% )

