
 Performance counter stats for './mandelbrot_omp -0.188 -0.012 0.554 0.754 16' (10 runs):

              1,78 msec task-clock                #    1,485 CPUs utilized            ( +-  0,94% )
                47      context-switches          #    0,026 M/sec                    ( +-  4,92% )
                19      cpu-migrations            #    0,010 M/sec                    ( +-  7,65% )
               111      page-faults               #    0,063 M/sec                    ( +-  0,42% )
         5.914.639      cycles                    #    3,330 GHz                      ( +-  0,92% )
         3.982.657      instructions              #    0,67  insn per cycle           ( +-  0,53% )
           712.472      branches                  #  401,101 M/sec                    ( +-  0,70% )
            18.132      branch-misses             #    2,54% of all branches          ( +-  1,63% )

         0,0011965 +- 0,0000252 seconds time elapsed  ( +-  2,11% )


 Performance counter stats for './mandelbrot_omp -0.188 -0.012 0.554 0.754 32' (10 runs):

              3,20 msec task-clock                #    2,186 CPUs utilized            ( +-  1,03% )
                52      context-switches          #    0,016 M/sec                    ( +-  1,64% )
                18      cpu-migrations            #    0,006 M/sec                    ( +-  4,91% )
               112      page-faults               #    0,035 M/sec                    ( +-  0,48% )
        10.230.576      cycles                    #    3,199 GHz                      ( +-  1,04% )
         7.750.157      instructions              #    0,76  insn per cycle           ( +-  0,13% )
         1.156.848      branches                  #  361,690 M/sec                    ( +-  0,18% )
            19.303      branch-misses             #    1,67% of all branches          ( +-  1,07% )

         0,0014630 +- 0,0000255 seconds time elapsed  ( +-  1,74% )


 Performance counter stats for './mandelbrot_omp -0.188 -0.012 0.554 0.754 64' (10 runs):

              8,36 msec task-clock                #    3,435 CPUs utilized            ( +-  0,67% )
                51      context-switches          #    0,006 M/sec                    ( +-  3,27% )
                18      cpu-migrations            #    0,002 M/sec                    ( +-  7,38% )
               112      page-faults               #    0,013 M/sec                    ( +-  0,19% )
        26.347.831      cycles                    #    3,152 GHz                      ( +-  0,66% )
        22.532.552      instructions              #    0,86  insn per cycle           ( +-  0,13% )
         2.862.580      branches                  #  342,470 M/sec                    ( +-  0,22% )
            23.477      branch-misses             #    0,82% of all branches          ( +-  1,37% )

         0,0024337 +- 0,0000515 seconds time elapsed  ( +-  2,12% )


 Performance counter stats for './mandelbrot_omp -0.188 -0.012 0.554 0.754 128' (10 runs):

             29,19 msec task-clock                #    4,983 CPUs utilized            ( +-  0,74% )
                48      context-switches          #    0,002 M/sec                    ( +-  4,18% )
                16      cpu-migrations            #    0,534 K/sec                    ( +-  9,23% )
               112      page-faults               #    0,004 M/sec                    ( +-  0,45% )
        89.751.527      cycles                    #    3,075 GHz                      ( +-  0,70% )
        81.506.738      instructions              #    0,91  insn per cycle           ( +-  0,04% )
         9.671.623      branches                  #  331,323 M/sec                    ( +-  0,07% )
            39.306      branch-misses             #    0,41% of all branches          ( +-  0,72% )

          0,005858 +- 0,000165 seconds time elapsed  ( +-  2,81% )


 Performance counter stats for './mandelbrot_omp -0.188 -0.012 0.554 0.754 256' (10 runs):

            124,71 msec task-clock                #    6,508 CPUs utilized            ( +-  0,55% )
                54      context-switches          #    0,432 K/sec                    ( +-  3,74% )
                20      cpu-migrations            #    0,164 K/sec                    ( +-  5,10% )
               112      page-faults               #    0,900 K/sec                    ( +-  0,18% )
       352.490.833      cycles                    #    2,826 GHz                      ( +-  0,19% )
       317.257.603      instructions              #    0,90  insn per cycle           ( +-  0,01% )
        36.904.249      branches                  #  295,922 M/sec                    ( +-  0,02% )
            93.363      branch-misses             #    0,25% of all branches          ( +-  0,38% )

          0,019162 +- 0,000471 seconds time elapsed  ( +-  2,46% )


 Performance counter stats for './mandelbrot_omp -0.188 -0.012 0.554 0.754 512' (10 runs):

            529,35 msec task-clock                #    7,055 CPUs utilized            ( +-  0,69% )
                75      context-switches          #    0,141 K/sec                    ( +-  3,42% )
                22      cpu-migrations            #    0,042 K/sec                    ( +-  6,71% )
               112      page-faults               #    0,211 K/sec                    ( +-  0,33% )
     1.399.262.708      cycles                    #    2,643 GHz                      ( +-  0,20% )
     1.259.733.323      instructions              #    0,90  insn per cycle           ( +-  0,00% )
       145.738.786      branches                  #  275,316 M/sec                    ( +-  0,01% )
           299.557      branch-misses             #    0,21% of all branches          ( +-  0,17% )

          0,075032 +- 0,000789 seconds time elapsed  ( +-  1,05% )


 Performance counter stats for './mandelbrot_omp -0.188 -0.012 0.554 0.754 1024' (10 runs):

          2.151,72 msec task-clock                #    7,488 CPUs utilized            ( +-  0,37% )
               185      context-switches          #    0,086 K/sec                    ( +-  2,43% )
                24      cpu-migrations            #    0,011 K/sec                    ( +-  6,75% )
               112      page-faults               #    0,052 K/sec                    ( +-  0,24% )
     5.618.077.937      cycles                    #    2,611 GHz                      ( +-  0,18% )
     5.028.629.038      instructions              #    0,90  insn per cycle           ( +-  0,00% )
       580.923.647      branches                  #  269,982 M/sec                    ( +-  0,00% )
         1.107.682      branch-misses             #    0,19% of all branches          ( +-  0,10% )

           0,28734 +- 0,00199 seconds time elapsed  ( +-  0,69% )


 Performance counter stats for './mandelbrot_omp -0.188 -0.012 0.554 0.754 2048' (10 runs):

          8.688,66 msec task-clock                #    7,638 CPUs utilized            ( +-  0,21% )
               659      context-switches          #    0,076 K/sec                    ( +-  2,00% )
                40      cpu-migrations            #    0,005 K/sec                    ( +-  6,48% )
               112      page-faults               #    0,013 K/sec                    ( +-  0,21% )
    22.462.731.154      cycles                    #    2,585 GHz                      ( +-  0,21% )
    20.103.871.639      instructions              #    0,89  insn per cycle           ( +-  0,00% )
     2.321.624.131      branches                  #  267,202 M/sec                    ( +-  0,00% )
         4.321.344      branch-misses             #    0,19% of all branches          ( +-  0,03% )

           1,13755 +- 0,00311 seconds time elapsed  ( +-  0,27% )


 Performance counter stats for './mandelbrot_omp -0.188 -0.012 0.554 0.754 4096' (10 runs):

         34.982,82 msec task-clock                #    7,753 CPUs utilized            ( +-  0,22% )
             2.628      context-switches          #    0,075 K/sec                    ( +-  1,11% )
                67      cpu-migrations            #    0,002 K/sec                    ( +-  9,37% )
               112      page-faults               #    0,003 K/sec                    ( +-  0,30% )
    89.950.920.623      cycles                    #    2,571 GHz                      ( +-  0,21% )
    80.400.592.767      instructions              #    0,89  insn per cycle           ( +-  0,00% )
     9.283.880.628      branches                  #  265,384 M/sec                    ( +-  0,00% )
        17.123.878      branch-misses             #    0,18% of all branches          ( +-  0,03% )

            4,5122 +- 0,0133 seconds time elapsed  ( +-  0,30% )


 Performance counter stats for './mandelbrot_omp -0.188 -0.012 0.554 0.754 8192' (10 runs):

        140.487,04 msec task-clock                #    7,849 CPUs utilized            ( +-  0,05% )
            10.324      context-switches          #    0,073 K/sec                    ( +-  0,48% )
               184      cpu-migrations            #    0,001 K/sec                    ( +-  1,61% )
               111      page-faults               #    0,001 K/sec                    ( +-  0,40% )
   359.945.826.896      cycles                    #    2,562 GHz                      ( +-  0,05% )
   321.577.715.424      instructions              #    0,89  insn per cycle           ( +-  0,00% )
    37.131.445.936      branches                  #  264,305 M/sec                    ( +-  0,00% )
        68.241.694      branch-misses             #    0,18% of all branches          ( +-  0,01% )

           17,8994 +- 0,0146 seconds time elapsed  ( +-  0,08% )

