
 Performance counter stats for './mandelbrot_omp -0.188 -0.012 0.554 0.754 16' (10 runs):

              1,05 msec task-clock                #    0,757 CPUs utilized            ( +- 13,31% )
                 0      context-switches          #    0,000 K/sec                  
                 0      cpu-migrations            #    0,000 K/sec                  
                79      page-faults               #    0,075 M/sec                    ( +-  0,46% )
         3.037.328      cycles                    #    2,885 GHz                      ( +- 13,37% )
         2.470.764      instructions              #    0,81  insn per cycle           ( +-  0,13% )
           388.084      branches                  #  368,633 M/sec                    ( +-  0,17% )
             9.488      branch-misses             #    2,44% of all branches          ( +-  0,99% )

          0,001391 +- 0,000188 seconds time elapsed  ( +- 13,48% )


 Performance counter stats for './mandelbrot_omp -0.188 -0.012 0.554 0.754 32' (10 runs):

              1,85 msec task-clock                #    0,887 CPUs utilized            ( +-  0,53% )
                 0      context-switches          #    0,054 K/sec                    ( +-100,00% )
                 0      cpu-migrations            #    0,000 K/sec                  
                78      page-faults               #    0,042 M/sec                    ( +-  0,84% )
         5.707.917      cycles                    #    3,081 GHz                      ( +-  0,51% )
         6.159.701      instructions              #    1,08  insn per cycle           ( +-  0,11% )
           813.916      branches                  #  439,383 M/sec                    ( +-  0,16% )
            10.534      branch-misses             #    1,29% of all branches          ( +-  0,53% )

         0,0020874 +- 0,0000181 seconds time elapsed  ( +-  0,87% )


 Performance counter stats for './mandelbrot_omp -0.188 -0.012 0.554 0.754 64' (10 runs):

              5,64 msec task-clock                #    0,961 CPUs utilized            ( +-  0,49% )
                 0      context-switches          #    0,000 K/sec                  
                 0      cpu-migrations            #    0,000 K/sec                  
                78      page-faults               #    0,014 M/sec                    ( +-  0,70% )
        18.682.447      cycles                    #    3,311 GHz                      ( +-  0,16% )
        20.937.856      instructions              #    1,12  insn per cycle           ( +-  0,03% )
         2.520.154      branches                  #  446,601 M/sec                    ( +-  0,04% )
            13.722      branch-misses             #    0,54% of all branches          ( +-  0,44% )

         0,0058701 +- 0,0000372 seconds time elapsed  ( +-  0,63% )


 Performance counter stats for './mandelbrot_omp -0.188 -0.012 0.554 0.754 128' (10 runs):

             18,91 msec task-clock                #    0,987 CPUs utilized            ( +-  0,45% )
                 1      context-switches          #    0,074 K/sec                    ( +- 32,30% )
                 0      cpu-migrations            #    0,000 K/sec                  
                79      page-faults               #    0,004 M/sec                    ( +-  0,74% )
        70.717.483      cycles                    #    3,739 GHz                      ( +-  0,05% )
        79.861.421      instructions              #    1,13  insn per cycle           ( +-  0,01% )
         9.323.283      branches                  #  492,964 M/sec                    ( +-  0,01% )
            26.238      branch-misses             #    0,28% of all branches          ( +-  0,43% )

         0,0191575 +- 0,0000877 seconds time elapsed  ( +-  0,46% )


 Performance counter stats for './mandelbrot_omp -0.188 -0.012 0.554 0.754 256' (10 runs):

             67,51 msec task-clock                #    0,996 CPUs utilized            ( +-  0,25% )
                 0      context-switches          #    0,007 K/sec                    ( +-100,00% )
                 0      cpu-migrations            #    0,001 K/sec                    ( +-100,00% )
                79      page-faults               #    0,001 M/sec                    ( +-  0,61% )
       278.548.816      cycles                    #    4,126 GHz                      ( +-  0,06% )
       315.397.276      instructions              #    1,13  insn per cycle           ( +-  0,00% )
        36.512.228      branches                  #  540,824 M/sec                    ( +-  0,00% )
            75.848      branch-misses             #    0,21% of all branches          ( +-  0,20% )

          0,067773 +- 0,000167 seconds time elapsed  ( +-  0,25% )


 Performance counter stats for './mandelbrot_omp -0.188 -0.012 0.554 0.754 512' (10 runs):

            257,93 msec task-clock                #    0,999 CPUs utilized            ( +-  0,31% )
                 4      context-switches          #    0,016 K/sec                    ( +- 35,75% )
                 0      cpu-migrations            #    0,001 K/sec                    ( +- 66,67% )
                78      page-faults               #    0,304 K/sec                    ( +-  0,61% )
     1.107.722.665      cycles                    #    4,295 GHz                      ( +-  0,01% )
     1.257.387.271      instructions              #    1,14  insn per cycle           ( +-  0,00% )
       145.252.687      branches                  #  563,150 M/sec                    ( +-  0,00% )
           274.242      branch-misses             #    0,19% of all branches          ( +-  0,07% )

          0,258211 +- 0,000792 seconds time elapsed  ( +-  0,31% )


 Performance counter stats for './mandelbrot_omp -0.188 -0.012 0.554 0.754 1024' (10 runs):

          1.026,44 msec task-clock                #    1,000 CPUs utilized            ( +-  0,38% )
                 4      context-switches          #    0,004 K/sec                    ( +- 23,78% )
                 0      cpu-migrations            #    0,000 K/sec                    ( +- 40,82% )
                78      page-faults               #    0,076 K/sec                    ( +-  0,66% )
     4.426.218.363      cycles                    #    4,312 GHz                      ( +-  0,02% )
     5.024.823.912      instructions              #    1,14  insn per cycle           ( +-  0,00% )
       580.144.774      branches                  #  565,199 M/sec                    ( +-  0,00% )
         1.066.392      branch-misses             #    0,18% of all branches          ( +-  0,02% )

           1,02681 +- 0,00392 seconds time elapsed  ( +-  0,38% )


 Performance counter stats for './mandelbrot_omp -0.188 -0.012 0.554 0.754 2048' (10 runs):

          4.087,27 msec task-clock                #    1,000 CPUs utilized            ( +-  0,38% )
                16      context-switches          #    0,004 K/sec                    ( +-  9,51% )
                 1      cpu-migrations            #    0,000 K/sec                    ( +- 38,67% )
                79      page-faults               #    0,019 K/sec                    ( +-  0,40% )
    17.696.653.411      cycles                    #    4,330 GHz                      ( +-  0,01% )
    20.094.572.554      instructions              #    1,14  insn per cycle           ( +-  0,00% )
     2.319.724.659      branches                  #  567,549 M/sec                    ( +-  0,00% )
         4.233.106      branch-misses             #    0,18% of all branches          ( +-  0,02% )

            4,0877 +- 0,0155 seconds time elapsed  ( +-  0,38% )


 Performance counter stats for './mandelbrot_omp -0.188 -0.012 0.554 0.754 4096' (10 runs):

         16.246,25 msec task-clock                #    1,000 CPUs utilized            ( +-  0,14% )
                83      context-switches          #    0,005 K/sec                    ( +-  8,90% )
                 6      cpu-migrations            #    0,000 K/sec                    ( +- 21,61% )
                79      page-faults               #    0,005 K/sec                    ( +-  0,50% )
    70.759.304.070      cycles                    #    4,355 GHz                      ( +-  0,00% )
    80.369.542.029      instructions              #    1,14  insn per cycle           ( +-  0,00% )
     9.277.519.537      branches                  #  571,056 M/sec                    ( +-  0,00% )
        16.894.713      branch-misses             #    0,18% of all branches          ( +-  0,01% )

           16,2473 +- 0,0222 seconds time elapsed  ( +-  0,14% )


 Performance counter stats for './mandelbrot_omp -0.188 -0.012 0.554 0.754 8192' (10 runs):

         64.964,17 msec task-clock                #    1,000 CPUs utilized            ( +-  0,21% )
               259      context-switches          #    0,004 K/sec                    ( +-  8,77% )
                14      cpu-migrations            #    0,000 K/sec                    ( +- 10,44% )
                78      page-faults               #    0,001 K/sec                    ( +-  0,63% )
   283.030.413.454      cycles                    #    4,357 GHz                      ( +-  0,00% )
   321.463.570.892      instructions              #    1,14  insn per cycle           ( +-  0,00% )
    37.108.055.488      branches                  #  571,208 M/sec                    ( +-  0,00% )
        67.541.993      branch-misses             #    0,18% of all branches          ( +-  0,01% )

            64,967 +- 0,136 seconds time elapsed  ( +-  0,21% )

