
 Performance counter stats for './mandelbrot_seq -0.8 -0.7 0.05 0.15 16' (10 runs):

              0,69 msec task-clock                #    0,634 CPUs utilized            ( +- 13,28% )
                 0      context-switches          #    0,000 K/sec                  
                 0      cpu-migrations            #    0,000 K/sec                  
                60      page-faults               #    0,087 M/sec                    ( +-  0,56% )
         2.701.241      cycles                    #    3,906 GHz                      ( +- 13,81% )
         2.074.796      instructions              #    0,77  insn per cycle           ( +-  0,14% )
           273.193      branches                  #  395,056 M/sec                    ( +-  0,24% )
             6.944      branch-misses             #    2,54% of all branches          ( +-  2,58% )

          0,001091 +- 0,000172 seconds time elapsed  ( +- 15,80% )


 Performance counter stats for './mandelbrot_seq -0.8 -0.7 0.05 0.15 32' (10 runs):

              1,23 msec task-clock                #    0,862 CPUs utilized            ( +-  0,65% )
                 0      context-switches          #    0,000 K/sec                  
                 0      cpu-migrations            #    0,000 K/sec                  
                69      page-faults               #    0,056 M/sec                    ( +-  0,59% )
         5.029.026      cycles                    #    4,086 GHz                      ( +-  0,65% )
         5.811.242      instructions              #    1,16  insn per cycle           ( +-  0,08% )
           587.070      branches                  #  476,929 M/sec                    ( +-  0,17% )
             7.868      branch-misses             #    1,34% of all branches          ( +-  1,88% )

         0,0014280 +- 0,0000146 seconds time elapsed  ( +-  1,02% )


 Performance counter stats for './mandelbrot_seq -0.8 -0.7 0.05 0.15 64' (10 runs):

              4,21 msec task-clock                #    0,956 CPUs utilized            ( +-  0,36% )
                 0      context-switches          #    0,000 K/sec                  
                 0      cpu-migrations            #    0,000 K/sec                  
                99      page-faults               #    0,023 M/sec                    ( +-  0,34% )
        17.179.261      cycles                    #    4,085 GHz                      ( +-  0,33% )
        20.787.490      instructions              #    1,21  insn per cycle           ( +-  0,02% )
         1.851.280      branches                  #  440,195 M/sec                    ( +-  0,05% )
            11.943      branch-misses             #    0,65% of all branches          ( +-  0,20% )

         0,0043995 +- 0,0000204 seconds time elapsed  ( +-  0,46% )


 Performance counter stats for './mandelbrot_seq -0.8 -0.7 0.05 0.15 128' (10 runs):

             16,30 msec task-clock                #    0,982 CPUs utilized            ( +-  1,36% )
                 1      context-switches          #    0,037 K/sec                    ( +- 50,92% )
                 0      cpu-migrations            #    0,000 K/sec                  
               219      page-faults               #    0,013 M/sec                    ( +-  0,14% )
        66.899.419      cycles                    #    4,104 GHz                      ( +-  1,08% )
        80.534.674      instructions              #    1,20  insn per cycle           ( +-  0,01% )
         6.886.496      branches                  #  422,499 M/sec                    ( +-  0,03% )
            25.938      branch-misses             #    0,38% of all branches          ( +-  1,45% )

          0,016601 +- 0,000217 seconds time elapsed  ( +-  1,31% )


 Performance counter stats for './mandelbrot_seq -0.8 -0.7 0.05 0.15 256' (10 runs):

             60,59 msec task-clock                #    0,993 CPUs utilized            ( +-  0,75% )
                 2      context-switches          #    0,028 K/sec                    ( +- 41,18% )
                 0      cpu-migrations            #    0,002 K/sec                    ( +-100,00% )
               700      page-faults               #    0,012 M/sec                    ( +-  0,05% )
       260.114.060      cycles                    #    4,293 GHz                      ( +-  0,30% )
       319.818.727      instructions              #    1,23  insn per cycle           ( +-  0,01% )
        27.057.384      branches                  #  446,582 M/sec                    ( +-  0,02% )
            78.473      branch-misses             #    0,29% of all branches          ( +-  0,27% )

          0,060987 +- 0,000490 seconds time elapsed  ( +-  0,80% )


 Performance counter stats for './mandelbrot_seq -0.8 -0.7 0.05 0.15 512' (10 runs):

            235,91 msec task-clock                #    0,999 CPUs utilized            ( +-  0,73% )
                 3      context-switches          #    0,011 K/sec                    ( +- 44,49% )
                 0      cpu-migrations            #    0,002 K/sec                    ( +- 33,33% )
             2.620      page-faults               #    0,011 M/sec                    ( +-  0,01% )
     1.034.619.004      cycles                    #    4,386 GHz                      ( +-  0,20% )
     1.276.861.731      instructions              #    1,23  insn per cycle           ( +-  0,00% )
       107.779.114      branches                  #  456,857 M/sec                    ( +-  0,01% )
           294.147      branch-misses             #    0,27% of all branches          ( +-  1,21% )

           0,23622 +- 0,00173 seconds time elapsed  ( +-  0,73% )


 Performance counter stats for './mandelbrot_seq -0.8 -0.7 0.05 0.15 1024' (10 runs):

            935,30 msec task-clock                #    1,000 CPUs utilized            ( +-  0,11% )
                10      context-switches          #    0,010 K/sec                    ( +- 31,79% )
                 1      cpu-migrations            #    0,001 K/sec                    ( +- 28,57% )
            10.299      page-faults               #    0,011 M/sec                    ( +-  0,00% )
     4.125.694.016      cycles                    #    4,411 GHz                      ( +-  0,06% )
     5.103.992.994      instructions              #    1,24  insn per cycle           ( +-  0,00% )
       430.586.483      branches                  #  460,375 M/sec                    ( +-  0,00% )
         1.132.962      branch-misses             #    0,26% of all branches          ( +-  0,14% )

           0,93571 +- 0,00101 seconds time elapsed  ( +-  0,11% )


 Performance counter stats for './mandelbrot_seq -0.8 -0.7 0.05 0.15 2048' (10 runs):

          3.895,41 msec task-clock                #    0,976 CPUs utilized            ( +-  0,68% )
                32      context-switches          #    0,008 K/sec                    ( +- 19,43% )
                 3      cpu-migrations            #    0,001 K/sec                    ( +- 23,20% )
            41.019      page-faults               #    0,011 M/sec                    ( +-  0,00% )
    16.488.490.023      cycles                    #    4,233 GHz                      ( +-  0,04% )
    20.411.430.383      instructions              #    1,24  insn per cycle           ( +-  0,00% )
     1.721.698.311      branches                  #  441,982 M/sec                    ( +-  0,00% )
         4.507.085      branch-misses             #    0,26% of all branches          ( +-  0,08% )

            3,9896 +- 0,0313 seconds time elapsed  ( +-  0,78% )


 Performance counter stats for './mandelbrot_seq -0.8 -0.7 0.05 0.15 4096' (10 runs):

         15.947,33 msec task-clock                #    0,952 CPUs utilized            ( +-  0,41% )
               247      context-switches          #    0,016 K/sec                    ( +- 23,62% )
                24      cpu-migrations            #    0,002 K/sec                    ( +-  8,21% )
           163.900      page-faults               #    0,010 M/sec                    ( +-  0,00% )
    66.002.766.992      cycles                    #    4,139 GHz                      ( +-  0,05% )
    81.648.199.466      instructions              #    1,24  insn per cycle           ( +-  0,00% )
     6.887.038.503      branches                  #  431,862 M/sec                    ( +-  0,00% )
        18.079.718      branch-misses             #    0,26% of all branches          ( +-  0,17% )

            16,753 +- 0,235 seconds time elapsed  ( +-  1,40% )


 Performance counter stats for './mandelbrot_seq -0.8 -0.7 0.05 0.15 8192' (10 runs):

         64.163,78 msec task-clock                #    0,987 CPUs utilized            ( +-  0,58% )
             1.074      context-switches          #    0,017 K/sec                    ( +- 13,82% )
                65      cpu-migrations            #    0,001 K/sec                    ( +- 10,47% )
           655.420      page-faults               #    0,010 M/sec                    ( +-  0,00% )
   263.651.971.365      cycles                    #    4,109 GHz                      ( +-  0,05% )
   326.485.719.001      instructions              #    1,24  insn per cycle           ( +-  0,00% )
    27.523.343.581      branches                  #  428,955 M/sec                    ( +-  0,00% )
        71.932.638      branch-misses             #    0,26% of all branches          ( +-  0,04% )

            65,037 +- 0,362 seconds time elapsed  ( +-  0,56% )

